2024-05-26 18:09:15,946 ib_async.client INFO Connecting to 127.0.0.1:4001 with clientId 18...
2024-05-26 18:09:15,949 ib_async.client INFO Connected
2024-05-26 18:09:15,953 ib_async.client INFO Logged on to server version 176
2024-05-26 18:09:15,999 ib_async.wrapper INFO Warning 2104, reqId -1: Market data farm connection is OK:usfuture
2024-05-26 18:09:16,001 ib_async.wrapper INFO Warning 2104, reqId -1: Market data farm connection is OK:usfarm
2024-05-26 18:09:16,002 ib_async.wrapper INFO Warning 2107, reqId -1: HMDS data farm connection is inactive but should be available upon demand.ushmds
2024-05-26 18:09:16,002 ib_async.wrapper INFO Warning 2158, reqId -1: Sec-def data farm connection is OK:secdefil
2024-05-26 18:09:16,003 ib_async.client INFO API connection ready
2024-05-26 18:09:16,023 ib_async.wrapper INFO position: Position(account='U2340948', contract=Stock(conId=4762, symbol='BA', exchange='NYSE', currency='USD', localSymbol='BA', tradingClass='BA'), position=254.0, avgCost=203.21112205)
2024-05-26 18:09:16,025 ib_async.wrapper INFO position: Position(account='U10394496', contract=Option(conId=637079300, symbol='HYG', lastTradeDateOrContractMonth='20240621', strike=73.0, right='P', multiplier='100', currency='USD', localSymbol='HYG   240621P00073000', tradingClass='HYG'), position=50.0, avgCost=12.44685)
2024-05-26 18:09:16,026 ib_async.wrapper INFO position: Position(account='U10394496', contract=Option(conId=682674010, symbol='AAPL', lastTradeDateOrContractMonth='20241018', strike=150.0, right='P', multiplier='100', currency='USD', localSymbol='AAPL  241018P00150000', tradingClass='AAPL'), position=4.0, avgCost=182.19685)
2024-05-26 18:09:16,027 ib_async.wrapper INFO position: Position(account='U10394496', contract=Option(conId=657576926, symbol='QQQ', lastTradeDateOrContractMonth='20240930', strike=376.78, right='P', multiplier='100', currency='USD', localSymbol='QQQ   240930P00376780', tradingClass='QQQ'), position=1.0, avgCost=501.0369)
2024-05-26 18:09:16,032 ib_async.wrapper INFO position: Position(account='U10394496', contract=Option(conId=669333316, symbol='NVDA', lastTradeDateOrContractMonth='20240719', strike=555.0, right='P', multiplier='100', currency='USD', localSymbol='NVDA  240719P00555000', tradingClass='NVDA'), position=2.0, avgCost=349.4231)
2024-05-26 18:09:16,033 ib_async.wrapper INFO position: Position(account='U10394496', contract=Option(conId=613471094, symbol='GOOGL', lastTradeDateOrContractMonth='20240920', strike=120.0, right='P', multiplier='100', currency='USD', localSymbol='GOOGL 240920P00120000', tradingClass='GOOGL'), position=10.0, avgCost=51.44685)
2024-05-26 18:09:16,034 ib_async.wrapper INFO position: Position(account='U10394496', contract=Option(conId=699061747, symbol='NVDA', lastTradeDateOrContractMonth='20240719', strike=855.0, right='P', multiplier='100', currency='USD', localSymbol='NVDA  240719P00855000', tradingClass='NVDA'), position=1.0, avgCost=593.0469)
2024-05-26 18:09:16,035 ib_async.wrapper INFO position: Position(account='U10394496', contract=Option(conId=699536227, symbol='PINS', lastTradeDateOrContractMonth='20240607', strike=33.0, right='P', multiplier='100', currency='USD', localSymbol='PINS  240607P00033000', tradingClass='PINS'), position=40.0, avgCost=13.44685)
2024-05-26 18:09:16,035 ib_async.wrapper INFO position: Position(account='U10394496', contract=Future(conId=620730920, symbol='NQ', lastTradeDateOrContractMonth='20240621', multiplier='20', currency='USD', localSymbol='NQM4', tradingClass='NQ'), position=0.0, avgCost=0.0)
2024-05-26 18:09:16,036 ib_async.wrapper INFO position: Position(account='U2340948', contract=Stock(conId=47486780, symbol='EDV', exchange='ARCA', currency='USD', localSymbol='EDV', tradingClass='EDV'), position=650.0, avgCost=77.7080769)
2024-05-26 18:09:16,037 ib_async.wrapper INFO position: Position(account='U10394496', contract=Option(conId=642744523, symbol='NVDA', lastTradeDateOrContractMonth='20240920', strike=510.0, right='P', multiplier='100', currency='USD', localSymbol='NVDA  240920P00510000', tradingClass='NVDA'), position=1.0, avgCost=501.0369)
2024-05-26 18:09:16,037 ib_async.wrapper INFO position: Position(account='U10394496', contract=Option(conId=699532596, symbol='QQQ', lastTradeDateOrContractMonth='20240607', strike=400.0, right='P', multiplier='100', currency='USD', localSymbol='QQQ   240607P00400000', tradingClass='QQQ'), position=2.0, avgCost=207.69685)
2024-05-26 18:09:16,039 ib_async.wrapper INFO position: Position(account='U10394496', contract=Option(conId=682677111, symbol='AMZN', lastTradeDateOrContractMonth='20241018', strike=130.0, right='P', multiplier='100', currency='USD', localSymbol='AMZN  241018P00130000', tradingClass='AMZN'), position=4.0, avgCost=115.68685)
2024-05-26 18:09:16,040 ib_async.wrapper INFO position: Position(account='U2340948', contract=Stock(conId=229726228, symbol='RSX', exchange='VALUE', currency='USD', localSymbol='RSX', tradingClass='RSX'), position=100.0, avgCost=6.889977)
2024-05-26 18:09:16,610 ib_async.wrapper INFO execDetails Execution(execId='0000d94c.6653ae86.01.01', time=datetime.datetime(2024, 5, 26, 22, 46, 23, tzinfo=datetime.timezone.utc), acctNumber='U10394496', exchange='CME', side='BOT', shares=1.0, price=18872.5, permId=2104249574, clientId=82, orderId=7, liquidation=0, cumQty=1.0, avgPrice=18872.5, orderRef='', evRule='', evMultiplier=0.0, modelCode='', lastLiquidity=1, pendingPriceRevision=False)
2024-05-26 18:09:16,639 ib_async.wrapper INFO execDetails Execution(execId='0000d94c.6653ae8d.01.01', time=datetime.datetime(2024, 5, 26, 22, 47, 40, tzinfo=datetime.timezone.utc), acctNumber='U10394496', exchange='CME', side='SLD', shares=1.0, price=18875.0, permId=2104249575, clientId=82, orderId=9, liquidation=0, cumQty=1.0, avgPrice=18875.0, orderRef='', evRule='', evMultiplier=0.0, modelCode='', lastLiquidity=1, pendingPriceRevision=False)
2024-05-26 18:09:16,640 ib_async.wrapper INFO execDetails Execution(execId='0000d94c.6653aea9.01.01', time=datetime.datetime(2024, 5, 26, 22, 52, 33, tzinfo=datetime.timezone.utc), acctNumber='U10394496', exchange='CME', side='BOT', shares=1.0, price=18871.75, permId=2104249578, clientId=92, orderId=7, liquidation=0, cumQty=1.0, avgPrice=18871.75, orderRef='', evRule='', evMultiplier=0.0, modelCode='', lastLiquidity=1, pendingPriceRevision=False)
2024-05-26 18:09:16,641 ib_async.wrapper INFO execDetails Execution(execId='0000d94c.6653af0e.01.01', time=datetime.datetime(2024, 5, 26, 23, 6, 45, tzinfo=datetime.timezone.utc), acctNumber='U10394496', exchange='CME', side='BOT', shares=1.0, price=18860.5, permId=2104249593, clientId=28, orderId=417, liquidation=0, cumQty=1.0, avgPrice=18860.5, orderRef='', evRule='', evMultiplier=0.0, modelCode='', lastLiquidity=1, pendingPriceRevision=False)
2024-05-26 18:09:16,641 ib_async.wrapper INFO commissionReport: CommissionReport(execId='0000d94c.6653ae86.01.01', commission=2.0, currency='USD', realizedPNL=991.0, yield_=0.0, yieldRedemptionDate=0)
2024-05-26 18:09:16,642 ib_async.wrapper INFO commissionReport: CommissionReport(execId='0000d94c.6653ae8d.01.01', commission=2.0, currency='USD', realizedPNL=0.0, yield_=0.0, yieldRedemptionDate=0)
2024-05-26 18:09:16,645 ib_async.wrapper INFO commissionReport: CommissionReport(execId='0000d94c.6653aea9.01.01', commission=2.0, currency='USD', realizedPNL=533.5, yield_=0.0, yieldRedemptionDate=0)
2024-05-26 18:09:16,646 ib_async.wrapper INFO commissionReport: CommissionReport(execId='0000d94c.6653af0e.01.01', commission=2.0, currency='USD', realizedPNL=758.5, yield_=0.0, yieldRedemptionDate=0)
2024-05-26 18:09:16,650 ib_async.ib INFO Synchronization complete
2024-05-26 18:22:48,219 ib_async.client INFO Connecting to 127.0.0.1:4001 with clientId 70...
2024-05-26 18:22:48,223 ib_async.client INFO Connected
2024-05-26 18:22:48,229 ib_async.client INFO Logged on to server version 176
2024-05-26 18:22:48,232 ib_async.wrapper INFO Warning 2104, reqId -1: Market data farm connection is OK:usfuture
2024-05-26 18:22:48,233 ib_async.wrapper INFO Warning 2104, reqId -1: Market data farm connection is OK:usfarm
2024-05-26 18:22:48,233 ib_async.wrapper INFO Warning 2107, reqId -1: HMDS data farm connection is inactive but should be available upon demand.ushmds
2024-05-26 18:22:48,234 ib_async.wrapper INFO Warning 2158, reqId -1: Sec-def data farm connection is OK:secdefil
2024-05-26 18:22:48,234 ib_async.client INFO API connection ready
2024-05-26 18:22:48,268 ib_async.wrapper INFO position: Position(account='U2340948', contract=Stock(conId=4762, symbol='BA', exchange='NYSE', currency='USD', localSymbol='BA', tradingClass='BA'), position=254.0, avgCost=203.21112205)
2024-05-26 18:22:48,269 ib_async.wrapper INFO position: Position(account='U10394496', contract=Option(conId=637079300, symbol='HYG', lastTradeDateOrContractMonth='20240621', strike=73.0, right='P', multiplier='100', currency='USD', localSymbol='HYG   240621P00073000', tradingClass='HYG'), position=50.0, avgCost=12.44685)
2024-05-26 18:22:48,283 ib_async.wrapper INFO position: Position(account='U10394496', contract=Option(conId=682674010, symbol='AAPL', lastTradeDateOrContractMonth='20241018', strike=150.0, right='P', multiplier='100', currency='USD', localSymbol='AAPL  241018P00150000', tradingClass='AAPL'), position=4.0, avgCost=182.19685)
2024-05-26 18:22:48,284 ib_async.wrapper INFO position: Position(account='U10394496', contract=Option(conId=657576926, symbol='QQQ', lastTradeDateOrContractMonth='20240930', strike=376.78, right='P', multiplier='100', currency='USD', localSymbol='QQQ   240930P00376780', tradingClass='QQQ'), position=1.0, avgCost=501.0369)
2024-05-26 18:22:48,284 ib_async.wrapper INFO position: Position(account='U10394496', contract=Option(conId=669333316, symbol='NVDA', lastTradeDateOrContractMonth='20240719', strike=555.0, right='P', multiplier='100', currency='USD', localSymbol='NVDA  240719P00555000', tradingClass='NVDA'), position=2.0, avgCost=349.4231)
2024-05-26 18:22:48,285 ib_async.wrapper INFO position: Position(account='U10394496', contract=Option(conId=613471094, symbol='GOOGL', lastTradeDateOrContractMonth='20240920', strike=120.0, right='P', multiplier='100', currency='USD', localSymbol='GOOGL 240920P00120000', tradingClass='GOOGL'), position=10.0, avgCost=51.44685)
2024-05-26 18:22:48,286 ib_async.wrapper INFO position: Position(account='U10394496', contract=Option(conId=699061747, symbol='NVDA', lastTradeDateOrContractMonth='20240719', strike=855.0, right='P', multiplier='100', currency='USD', localSymbol='NVDA  240719P00855000', tradingClass='NVDA'), position=1.0, avgCost=593.0469)
2024-05-26 18:22:48,302 ib_async.wrapper INFO position: Position(account='U10394496', contract=Option(conId=699536227, symbol='PINS', lastTradeDateOrContractMonth='20240607', strike=33.0, right='P', multiplier='100', currency='USD', localSymbol='PINS  240607P00033000', tradingClass='PINS'), position=40.0, avgCost=13.44685)
2024-05-26 18:22:48,303 ib_async.wrapper INFO position: Position(account='U10394496', contract=Future(conId=620730920, symbol='NQ', lastTradeDateOrContractMonth='20240621', multiplier='20', currency='USD', localSymbol='NQM4', tradingClass='NQ'), position=0.0, avgCost=0.0)
2024-05-26 18:22:48,304 ib_async.wrapper INFO position: Position(account='U2340948', contract=Stock(conId=47486780, symbol='EDV', exchange='ARCA', currency='USD', localSymbol='EDV', tradingClass='EDV'), position=650.0, avgCost=77.7080769)
2024-05-26 18:22:48,305 ib_async.wrapper INFO position: Position(account='U10394496', contract=Option(conId=642744523, symbol='NVDA', lastTradeDateOrContractMonth='20240920', strike=510.0, right='P', multiplier='100', currency='USD', localSymbol='NVDA  240920P00510000', tradingClass='NVDA'), position=1.0, avgCost=501.0369)
2024-05-26 18:22:48,317 ib_async.wrapper INFO position: Position(account='U10394496', contract=Option(conId=699532596, symbol='QQQ', lastTradeDateOrContractMonth='20240607', strike=400.0, right='P', multiplier='100', currency='USD', localSymbol='QQQ   240607P00400000', tradingClass='QQQ'), position=2.0, avgCost=207.69685)
2024-05-26 18:22:48,318 ib_async.wrapper INFO position: Position(account='U10394496', contract=Option(conId=682677111, symbol='AMZN', lastTradeDateOrContractMonth='20241018', strike=130.0, right='P', multiplier='100', currency='USD', localSymbol='AMZN  241018P00130000', tradingClass='AMZN'), position=4.0, avgCost=115.68685)
2024-05-26 18:22:48,318 ib_async.wrapper INFO position: Position(account='U2340948', contract=Stock(conId=229726228, symbol='RSX', exchange='VALUE', currency='USD', localSymbol='RSX', tradingClass='RSX'), position=100.0, avgCost=6.889977)
2024-05-26 18:22:48,878 ib_async.wrapper INFO execDetails Execution(execId='0000d94c.6653ae86.01.01', time=datetime.datetime(2024, 5, 26, 22, 46, 23, tzinfo=datetime.timezone.utc), acctNumber='U10394496', exchange='CME', side='BOT', shares=1.0, price=18872.5, permId=2104249574, clientId=82, orderId=7, liquidation=0, cumQty=1.0, avgPrice=18872.5, orderRef='', evRule='', evMultiplier=0.0, modelCode='', lastLiquidity=1, pendingPriceRevision=False)
2024-05-26 18:22:48,913 ib_async.wrapper INFO execDetails Execution(execId='0000d94c.6653ae8d.01.01', time=datetime.datetime(2024, 5, 26, 22, 47, 40, tzinfo=datetime.timezone.utc), acctNumber='U10394496', exchange='CME', side='SLD', shares=1.0, price=18875.0, permId=2104249575, clientId=82, orderId=9, liquidation=0, cumQty=1.0, avgPrice=18875.0, orderRef='', evRule='', evMultiplier=0.0, modelCode='', lastLiquidity=1, pendingPriceRevision=False)
2024-05-26 18:22:48,914 ib_async.wrapper INFO execDetails Execution(execId='0000d94c.6653aea9.01.01', time=datetime.datetime(2024, 5, 26, 22, 52, 33, tzinfo=datetime.timezone.utc), acctNumber='U10394496', exchange='CME', side='BOT', shares=1.0, price=18871.75, permId=2104249578, clientId=92, orderId=7, liquidation=0, cumQty=1.0, avgPrice=18871.75, orderRef='', evRule='', evMultiplier=0.0, modelCode='', lastLiquidity=1, pendingPriceRevision=False)
2024-05-26 18:22:48,915 ib_async.wrapper INFO execDetails Execution(execId='0000d94c.6653af0e.01.01', time=datetime.datetime(2024, 5, 26, 23, 6, 45, tzinfo=datetime.timezone.utc), acctNumber='U10394496', exchange='CME', side='BOT', shares=1.0, price=18860.5, permId=2104249593, clientId=28, orderId=417, liquidation=0, cumQty=1.0, avgPrice=18860.5, orderRef='', evRule='', evMultiplier=0.0, modelCode='', lastLiquidity=1, pendingPriceRevision=False)
2024-05-26 18:22:48,915 ib_async.wrapper INFO commissionReport: CommissionReport(execId='0000d94c.6653ae86.01.01', commission=2.0, currency='USD', realizedPNL=991.0, yield_=0.0, yieldRedemptionDate=0)
2024-05-26 18:22:48,916 ib_async.wrapper INFO commissionReport: CommissionReport(execId='0000d94c.6653ae8d.01.01', commission=2.0, currency='USD', realizedPNL=0.0, yield_=0.0, yieldRedemptionDate=0)
2024-05-26 18:22:48,916 ib_async.wrapper INFO commissionReport: CommissionReport(execId='0000d94c.6653aea9.01.01', commission=2.0, currency='USD', realizedPNL=533.5, yield_=0.0, yieldRedemptionDate=0)
2024-05-26 18:22:48,917 ib_async.wrapper INFO commissionReport: CommissionReport(execId='0000d94c.6653af0e.01.01', commission=2.0, currency='USD', realizedPNL=758.5, yield_=0.0, yieldRedemptionDate=0)
2024-05-26 18:22:48,917 ib_async.ib INFO Synchronization complete
2024-05-26 18:24:10,593 ib_async.client INFO Connecting to 127.0.0.1:4001 with clientId 44...
2024-05-26 18:24:10,597 ib_async.client INFO Connected
2024-05-26 18:24:10,602 ib_async.client INFO Logged on to server version 176
2024-05-26 18:24:10,612 ib_async.wrapper INFO Warning 2104, reqId -1: Market data farm connection is OK:usfuture
2024-05-26 18:24:10,612 ib_async.wrapper INFO Warning 2104, reqId -1: Market data farm connection is OK:usfarm
2024-05-26 18:24:10,613 ib_async.wrapper INFO Warning 2107, reqId -1: HMDS data farm connection is inactive but should be available upon demand.ushmds
2024-05-26 18:24:10,613 ib_async.wrapper INFO Warning 2158, reqId -1: Sec-def data farm connection is OK:secdefil
2024-05-26 18:24:10,614 ib_async.client INFO API connection ready
2024-05-26 18:24:10,635 ib_async.wrapper INFO position: Position(account='U2340948', contract=Stock(conId=4762, symbol='BA', exchange='NYSE', currency='USD', localSymbol='BA', tradingClass='BA'), position=254.0, avgCost=203.21112205)
2024-05-26 18:24:10,679 ib_async.wrapper INFO position: Position(account='U10394496', contract=Option(conId=637079300, symbol='HYG', lastTradeDateOrContractMonth='20240621', strike=73.0, right='P', multiplier='100', currency='USD', localSymbol='HYG   240621P00073000', tradingClass='HYG'), position=50.0, avgCost=12.44685)
2024-05-26 18:24:10,681 ib_async.wrapper INFO position: Position(account='U10394496', contract=Option(conId=682674010, symbol='AAPL', lastTradeDateOrContractMonth='20241018', strike=150.0, right='P', multiplier='100', currency='USD', localSymbol='AAPL  241018P00150000', tradingClass='AAPL'), position=4.0, avgCost=182.19685)
2024-05-26 18:24:10,682 ib_async.wrapper INFO position: Position(account='U10394496', contract=Option(conId=657576926, symbol='QQQ', lastTradeDateOrContractMonth='20240930', strike=376.78, right='P', multiplier='100', currency='USD', localSymbol='QQQ   240930P00376780', tradingClass='QQQ'), position=1.0, avgCost=501.0369)
2024-05-26 18:24:10,684 ib_async.wrapper INFO position: Position(account='U10394496', contract=Option(conId=669333316, symbol='NVDA', lastTradeDateOrContractMonth='20240719', strike=555.0, right='P', multiplier='100', currency='USD', localSymbol='NVDA  240719P00555000', tradingClass='NVDA'), position=2.0, avgCost=349.4231)
2024-05-26 18:24:10,685 ib_async.wrapper INFO position: Position(account='U10394496', contract=Option(conId=613471094, symbol='GOOGL', lastTradeDateOrContractMonth='20240920', strike=120.0, right='P', multiplier='100', currency='USD', localSymbol='GOOGL 240920P00120000', tradingClass='GOOGL'), position=10.0, avgCost=51.44685)
2024-05-26 18:24:10,689 ib_async.wrapper INFO position: Position(account='U10394496', contract=Option(conId=699061747, symbol='NVDA', lastTradeDateOrContractMonth='20240719', strike=855.0, right='P', multiplier='100', currency='USD', localSymbol='NVDA  240719P00855000', tradingClass='NVDA'), position=1.0, avgCost=593.0469)
2024-05-26 18:24:10,691 ib_async.wrapper INFO position: Position(account='U10394496', contract=Option(conId=699536227, symbol='PINS', lastTradeDateOrContractMonth='20240607', strike=33.0, right='P', multiplier='100', currency='USD', localSymbol='PINS  240607P00033000', tradingClass='PINS'), position=40.0, avgCost=13.44685)
2024-05-26 18:24:10,693 ib_async.wrapper INFO position: Position(account='U10394496', contract=Future(conId=620730920, symbol='NQ', lastTradeDateOrContractMonth='20240621', multiplier='20', currency='USD', localSymbol='NQM4', tradingClass='NQ'), position=0.0, avgCost=0.0)
2024-05-26 18:24:10,695 ib_async.wrapper INFO position: Position(account='U2340948', contract=Stock(conId=47486780, symbol='EDV', exchange='ARCA', currency='USD', localSymbol='EDV', tradingClass='EDV'), position=650.0, avgCost=77.7080769)
2024-05-26 18:24:10,697 ib_async.wrapper INFO position: Position(account='U10394496', contract=Option(conId=642744523, symbol='NVDA', lastTradeDateOrContractMonth='20240920', strike=510.0, right='P', multiplier='100', currency='USD', localSymbol='NVDA  240920P00510000', tradingClass='NVDA'), position=1.0, avgCost=501.0369)
2024-05-26 18:24:10,698 ib_async.wrapper INFO position: Position(account='U10394496', contract=Option(conId=699532596, symbol='QQQ', lastTradeDateOrContractMonth='20240607', strike=400.0, right='P', multiplier='100', currency='USD', localSymbol='QQQ   240607P00400000', tradingClass='QQQ'), position=2.0, avgCost=207.69685)
2024-05-26 18:24:10,701 ib_async.wrapper INFO position: Position(account='U10394496', contract=Option(conId=682677111, symbol='AMZN', lastTradeDateOrContractMonth='20241018', strike=130.0, right='P', multiplier='100', currency='USD', localSymbol='AMZN  241018P00130000', tradingClass='AMZN'), position=4.0, avgCost=115.68685)
2024-05-26 18:24:10,703 ib_async.wrapper INFO position: Position(account='U2340948', contract=Stock(conId=229726228, symbol='RSX', exchange='VALUE', currency='USD', localSymbol='RSX', tradingClass='RSX'), position=100.0, avgCost=6.889977)
2024-05-26 18:24:10,958 ib_async.wrapper INFO execDetails Execution(execId='0000d94c.6653ae86.01.01', time=datetime.datetime(2024, 5, 26, 22, 46, 23, tzinfo=datetime.timezone.utc), acctNumber='U10394496', exchange='CME', side='BOT', shares=1.0, price=18872.5, permId=2104249574, clientId=82, orderId=7, liquidation=0, cumQty=1.0, avgPrice=18872.5, orderRef='', evRule='', evMultiplier=0.0, modelCode='', lastLiquidity=1, pendingPriceRevision=False)
2024-05-26 18:24:10,991 ib_async.wrapper INFO execDetails Execution(execId='0000d94c.6653ae8d.01.01', time=datetime.datetime(2024, 5, 26, 22, 47, 40, tzinfo=datetime.timezone.utc), acctNumber='U10394496', exchange='CME', side='SLD', shares=1.0, price=18875.0, permId=2104249575, clientId=82, orderId=9, liquidation=0, cumQty=1.0, avgPrice=18875.0, orderRef='', evRule='', evMultiplier=0.0, modelCode='', lastLiquidity=1, pendingPriceRevision=False)
2024-05-26 18:24:10,992 ib_async.wrapper INFO execDetails Execution(execId='0000d94c.6653aea9.01.01', time=datetime.datetime(2024, 5, 26, 22, 52, 33, tzinfo=datetime.timezone.utc), acctNumber='U10394496', exchange='CME', side='BOT', shares=1.0, price=18871.75, permId=2104249578, clientId=92, orderId=7, liquidation=0, cumQty=1.0, avgPrice=18871.75, orderRef='', evRule='', evMultiplier=0.0, modelCode='', lastLiquidity=1, pendingPriceRevision=False)
2024-05-26 18:24:10,993 ib_async.wrapper INFO execDetails Execution(execId='0000d94c.6653af0e.01.01', time=datetime.datetime(2024, 5, 26, 23, 6, 45, tzinfo=datetime.timezone.utc), acctNumber='U10394496', exchange='CME', side='BOT', shares=1.0, price=18860.5, permId=2104249593, clientId=28, orderId=417, liquidation=0, cumQty=1.0, avgPrice=18860.5, orderRef='', evRule='', evMultiplier=0.0, modelCode='', lastLiquidity=1, pendingPriceRevision=False)
2024-05-26 18:24:10,994 ib_async.wrapper INFO commissionReport: CommissionReport(execId='0000d94c.6653ae86.01.01', commission=2.0, currency='USD', realizedPNL=991.0, yield_=0.0, yieldRedemptionDate=0)
2024-05-26 18:24:10,994 ib_async.wrapper INFO commissionReport: CommissionReport(execId='0000d94c.6653ae8d.01.01', commission=2.0, currency='USD', realizedPNL=0.0, yield_=0.0, yieldRedemptionDate=0)
2024-05-26 18:24:10,998 ib_async.wrapper INFO commissionReport: CommissionReport(execId='0000d94c.6653aea9.01.01', commission=2.0, currency='USD', realizedPNL=533.5, yield_=0.0, yieldRedemptionDate=0)
2024-05-26 18:24:10,999 ib_async.wrapper INFO commissionReport: CommissionReport(execId='0000d94c.6653af0e.01.01', commission=2.0, currency='USD', realizedPNL=758.5, yield_=0.0, yieldRedemptionDate=0)
2024-05-26 18:24:11,000 ib_async.ib INFO Synchronization complete
2024-05-26 18:25:01,289 ib_async.client INFO Connecting to 127.0.0.1:4001 with clientId 17...
2024-05-26 18:25:01,292 ib_async.client INFO Connected
2024-05-26 18:25:01,295 ib_async.client INFO Logged on to server version 176
2024-05-26 18:25:01,299 ib_async.wrapper INFO Warning 2104, reqId -1: Market data farm connection is OK:usfuture
2024-05-26 18:25:01,300 ib_async.wrapper INFO Warning 2104, reqId -1: Market data farm connection is OK:usfarm
2024-05-26 18:25:01,300 ib_async.wrapper INFO Warning 2107, reqId -1: HMDS data farm connection is inactive but should be available upon demand.ushmds
2024-05-26 18:25:01,300 ib_async.wrapper INFO Warning 2158, reqId -1: Sec-def data farm connection is OK:secdefil
2024-05-26 18:25:01,301 ib_async.client INFO API connection ready
2024-05-26 18:25:01,329 ib_async.wrapper INFO position: Position(account='U2340948', contract=Stock(conId=4762, symbol='BA', exchange='NYSE', currency='USD', localSymbol='BA', tradingClass='BA'), position=254.0, avgCost=203.21112205)
2024-05-26 18:25:01,331 ib_async.wrapper INFO position: Position(account='U10394496', contract=Option(conId=637079300, symbol='HYG', lastTradeDateOrContractMonth='20240621', strike=73.0, right='P', multiplier='100', currency='USD', localSymbol='HYG   240621P00073000', tradingClass='HYG'), position=50.0, avgCost=12.44685)
2024-05-26 18:25:01,333 ib_async.wrapper INFO position: Position(account='U10394496', contract=Option(conId=682674010, symbol='AAPL', lastTradeDateOrContractMonth='20241018', strike=150.0, right='P', multiplier='100', currency='USD', localSymbol='AAPL  241018P00150000', tradingClass='AAPL'), position=4.0, avgCost=182.19685)
2024-05-26 18:25:01,334 ib_async.wrapper INFO position: Position(account='U10394496', contract=Option(conId=657576926, symbol='QQQ', lastTradeDateOrContractMonth='20240930', strike=376.78, right='P', multiplier='100', currency='USD', localSymbol='QQQ   240930P00376780', tradingClass='QQQ'), position=1.0, avgCost=501.0369)
2024-05-26 18:25:01,336 ib_async.wrapper INFO position: Position(account='U10394496', contract=Option(conId=669333316, symbol='NVDA', lastTradeDateOrContractMonth='20240719', strike=555.0, right='P', multiplier='100', currency='USD', localSymbol='NVDA  240719P00555000', tradingClass='NVDA'), position=2.0, avgCost=349.4231)
2024-05-26 18:25:01,338 ib_async.wrapper INFO position: Position(account='U10394496', contract=Option(conId=613471094, symbol='GOOGL', lastTradeDateOrContractMonth='20240920', strike=120.0, right='P', multiplier='100', currency='USD', localSymbol='GOOGL 240920P00120000', tradingClass='GOOGL'), position=10.0, avgCost=51.44685)
2024-05-26 18:25:01,340 ib_async.wrapper INFO position: Position(account='U10394496', contract=Option(conId=699061747, symbol='NVDA', lastTradeDateOrContractMonth='20240719', strike=855.0, right='P', multiplier='100', currency='USD', localSymbol='NVDA  240719P00855000', tradingClass='NVDA'), position=1.0, avgCost=593.0469)
2024-05-26 18:25:01,376 ib_async.wrapper INFO position: Position(account='U10394496', contract=Option(conId=699536227, symbol='PINS', lastTradeDateOrContractMonth='20240607', strike=33.0, right='P', multiplier='100', currency='USD', localSymbol='PINS  240607P00033000', tradingClass='PINS'), position=40.0, avgCost=13.44685)
2024-05-26 18:25:01,379 ib_async.wrapper INFO position: Position(account='U10394496', contract=Future(conId=620730920, symbol='NQ', lastTradeDateOrContractMonth='20240621', multiplier='20', currency='USD', localSymbol='NQM4', tradingClass='NQ'), position=0.0, avgCost=0.0)
2024-05-26 18:25:01,384 ib_async.wrapper INFO position: Position(account='U2340948', contract=Stock(conId=47486780, symbol='EDV', exchange='ARCA', currency='USD', localSymbol='EDV', tradingClass='EDV'), position=650.0, avgCost=77.7080769)
2024-05-26 18:25:01,386 ib_async.wrapper INFO position: Position(account='U10394496', contract=Option(conId=642744523, symbol='NVDA', lastTradeDateOrContractMonth='20240920', strike=510.0, right='P', multiplier='100', currency='USD', localSymbol='NVDA  240920P00510000', tradingClass='NVDA'), position=1.0, avgCost=501.0369)
2024-05-26 18:25:01,389 ib_async.wrapper INFO position: Position(account='U10394496', contract=Option(conId=699532596, symbol='QQQ', lastTradeDateOrContractMonth='20240607', strike=400.0, right='P', multiplier='100', currency='USD', localSymbol='QQQ   240607P00400000', tradingClass='QQQ'), position=2.0, avgCost=207.69685)
2024-05-26 18:25:01,392 ib_async.wrapper INFO position: Position(account='U10394496', contract=Option(conId=682677111, symbol='AMZN', lastTradeDateOrContractMonth='20241018', strike=130.0, right='P', multiplier='100', currency='USD', localSymbol='AMZN  241018P00130000', tradingClass='AMZN'), position=4.0, avgCost=115.68685)
2024-05-26 18:25:01,393 ib_async.wrapper INFO position: Position(account='U2340948', contract=Stock(conId=229726228, symbol='RSX', exchange='VALUE', currency='USD', localSymbol='RSX', tradingClass='RSX'), position=100.0, avgCost=6.889977)
2024-05-26 18:25:02,083 ib_async.wrapper INFO execDetails Execution(execId='0000d94c.6653ae86.01.01', time=datetime.datetime(2024, 5, 26, 22, 46, 23, tzinfo=datetime.timezone.utc), acctNumber='U10394496', exchange='CME', side='BOT', shares=1.0, price=18872.5, permId=2104249574, clientId=82, orderId=7, liquidation=0, cumQty=1.0, avgPrice=18872.5, orderRef='', evRule='', evMultiplier=0.0, modelCode='', lastLiquidity=1, pendingPriceRevision=False)
2024-05-26 18:25:02,084 ib_async.wrapper INFO execDetails Execution(execId='0000d94c.6653ae8d.01.01', time=datetime.datetime(2024, 5, 26, 22, 47, 40, tzinfo=datetime.timezone.utc), acctNumber='U10394496', exchange='CME', side='SLD', shares=1.0, price=18875.0, permId=2104249575, clientId=82, orderId=9, liquidation=0, cumQty=1.0, avgPrice=18875.0, orderRef='', evRule='', evMultiplier=0.0, modelCode='', lastLiquidity=1, pendingPriceRevision=False)
2024-05-26 18:25:02,119 ib_async.wrapper INFO execDetails Execution(execId='0000d94c.6653aea9.01.01', time=datetime.datetime(2024, 5, 26, 22, 52, 33, tzinfo=datetime.timezone.utc), acctNumber='U10394496', exchange='CME', side='BOT', shares=1.0, price=18871.75, permId=2104249578, clientId=92, orderId=7, liquidation=0, cumQty=1.0, avgPrice=18871.75, orderRef='', evRule='', evMultiplier=0.0, modelCode='', lastLiquidity=1, pendingPriceRevision=False)
2024-05-26 18:25:02,120 ib_async.wrapper INFO execDetails Execution(execId='0000d94c.6653af0e.01.01', time=datetime.datetime(2024, 5, 26, 23, 6, 45, tzinfo=datetime.timezone.utc), acctNumber='U10394496', exchange='CME', side='BOT', shares=1.0, price=18860.5, permId=2104249593, clientId=28, orderId=417, liquidation=0, cumQty=1.0, avgPrice=18860.5, orderRef='', evRule='', evMultiplier=0.0, modelCode='', lastLiquidity=1, pendingPriceRevision=False)
2024-05-26 18:25:02,121 ib_async.wrapper INFO commissionReport: CommissionReport(execId='0000d94c.6653ae86.01.01', commission=2.0, currency='USD', realizedPNL=991.0, yield_=0.0, yieldRedemptionDate=0)
2024-05-26 18:25:02,121 ib_async.wrapper INFO commissionReport: CommissionReport(execId='0000d94c.6653ae8d.01.01', commission=2.0, currency='USD', realizedPNL=0.0, yield_=0.0, yieldRedemptionDate=0)
2024-05-26 18:25:02,122 ib_async.wrapper INFO commissionReport: CommissionReport(execId='0000d94c.6653aea9.01.01', commission=2.0, currency='USD', realizedPNL=533.5, yield_=0.0, yieldRedemptionDate=0)
2024-05-26 18:25:02,122 ib_async.wrapper INFO commissionReport: CommissionReport(execId='0000d94c.6653af0e.01.01', commission=2.0, currency='USD', realizedPNL=758.5, yield_=0.0, yieldRedemptionDate=0)
2024-05-26 18:25:02,123 ib_async.ib INFO Synchronization complete
2024-05-26 18:31:51,495 ib_async.client INFO Connecting to 127.0.0.1:4001 with clientId 84...
2024-05-26 18:31:51,498 ib_async.client INFO Connected
2024-05-26 18:31:51,501 ib_async.client INFO Logged on to server version 176
2024-05-26 18:31:51,504 ib_async.wrapper INFO Warning 2104, reqId -1: Market data farm connection is OK:usfuture
2024-05-26 18:31:51,504 ib_async.wrapper INFO Warning 2104, reqId -1: Market data farm connection is OK:usfarm
2024-05-26 18:31:51,505 ib_async.wrapper INFO Warning 2107, reqId -1: HMDS data farm connection is inactive but should be available upon demand.ushmds
2024-05-26 18:31:51,506 ib_async.wrapper INFO Warning 2158, reqId -1: Sec-def data farm connection is OK:secdefil
2024-05-26 18:31:51,506 ib_async.client INFO API connection ready
2024-05-26 18:31:51,516 ib_async.wrapper INFO position: Position(account='U2340948', contract=Stock(conId=4762, symbol='BA', exchange='NYSE', currency='USD', localSymbol='BA', tradingClass='BA'), position=254.0, avgCost=203.21112205)
2024-05-26 18:31:51,561 ib_async.wrapper INFO position: Position(account='U10394496', contract=Option(conId=637079300, symbol='HYG', lastTradeDateOrContractMonth='20240621', strike=73.0, right='P', multiplier='100', currency='USD', localSymbol='HYG   240621P00073000', tradingClass='HYG'), position=50.0, avgCost=12.44685)
2024-05-26 18:31:51,562 ib_async.wrapper INFO position: Position(account='U10394496', contract=Option(conId=682674010, symbol='AAPL', lastTradeDateOrContractMonth='20241018', strike=150.0, right='P', multiplier='100', currency='USD', localSymbol='AAPL  241018P00150000', tradingClass='AAPL'), position=4.0, avgCost=182.19685)
2024-05-26 18:31:51,563 ib_async.wrapper INFO position: Position(account='U10394496', contract=Option(conId=657576926, symbol='QQQ', lastTradeDateOrContractMonth='20240930', strike=376.78, right='P', multiplier='100', currency='USD', localSymbol='QQQ   240930P00376780', tradingClass='QQQ'), position=1.0, avgCost=501.0369)
2024-05-26 18:31:51,564 ib_async.wrapper INFO position: Position(account='U10394496', contract=Option(conId=669333316, symbol='NVDA', lastTradeDateOrContractMonth='20240719', strike=555.0, right='P', multiplier='100', currency='USD', localSymbol='NVDA  240719P00555000', tradingClass='NVDA'), position=2.0, avgCost=349.4231)
2024-05-26 18:31:51,565 ib_async.wrapper INFO position: Position(account='U10394496', contract=Option(conId=613471094, symbol='GOOGL', lastTradeDateOrContractMonth='20240920', strike=120.0, right='P', multiplier='100', currency='USD', localSymbol='GOOGL 240920P00120000', tradingClass='GOOGL'), position=10.0, avgCost=51.44685)
2024-05-26 18:31:51,566 ib_async.wrapper INFO position: Position(account='U10394496', contract=Option(conId=699061747, symbol='NVDA', lastTradeDateOrContractMonth='20240719', strike=855.0, right='P', multiplier='100', currency='USD', localSymbol='NVDA  240719P00855000', tradingClass='NVDA'), position=1.0, avgCost=593.0469)
2024-05-26 18:31:51,568 ib_async.wrapper INFO position: Position(account='U10394496', contract=Option(conId=699536227, symbol='PINS', lastTradeDateOrContractMonth='20240607', strike=33.0, right='P', multiplier='100', currency='USD', localSymbol='PINS  240607P00033000', tradingClass='PINS'), position=40.0, avgCost=13.44685)
2024-05-26 18:31:51,569 ib_async.wrapper INFO position: Position(account='U10394496', contract=Future(conId=620730920, symbol='NQ', lastTradeDateOrContractMonth='20240621', multiplier='20', currency='USD', localSymbol='NQM4', tradingClass='NQ'), position=0.0, avgCost=0.0)
2024-05-26 18:31:51,573 ib_async.wrapper INFO position: Position(account='U2340948', contract=Stock(conId=47486780, symbol='EDV', exchange='ARCA', currency='USD', localSymbol='EDV', tradingClass='EDV'), position=650.0, avgCost=77.7080769)
2024-05-26 18:31:51,574 ib_async.wrapper INFO position: Position(account='U10394496', contract=Option(conId=642744523, symbol='NVDA', lastTradeDateOrContractMonth='20240920', strike=510.0, right='P', multiplier='100', currency='USD', localSymbol='NVDA  240920P00510000', tradingClass='NVDA'), position=1.0, avgCost=501.0369)
2024-05-26 18:31:51,577 ib_async.wrapper INFO position: Position(account='U10394496', contract=Option(conId=699532596, symbol='QQQ', lastTradeDateOrContractMonth='20240607', strike=400.0, right='P', multiplier='100', currency='USD', localSymbol='QQQ   240607P00400000', tradingClass='QQQ'), position=2.0, avgCost=207.69685)
2024-05-26 18:31:51,578 ib_async.wrapper INFO position: Position(account='U10394496', contract=Option(conId=682677111, symbol='AMZN', lastTradeDateOrContractMonth='20241018', strike=130.0, right='P', multiplier='100', currency='USD', localSymbol='AMZN  241018P00130000', tradingClass='AMZN'), position=4.0, avgCost=115.68685)
2024-05-26 18:31:51,579 ib_async.wrapper INFO position: Position(account='U2340948', contract=Stock(conId=229726228, symbol='RSX', exchange='VALUE', currency='USD', localSymbol='RSX', tradingClass='RSX'), position=100.0, avgCost=6.889977)
2024-05-26 18:31:51,837 ib_async.wrapper INFO execDetails Execution(execId='0000d94c.6653ae86.01.01', time=datetime.datetime(2024, 5, 26, 22, 46, 23, tzinfo=datetime.timezone.utc), acctNumber='U10394496', exchange='CME', side='BOT', shares=1.0, price=18872.5, permId=2104249574, clientId=82, orderId=7, liquidation=0, cumQty=1.0, avgPrice=18872.5, orderRef='', evRule='', evMultiplier=0.0, modelCode='', lastLiquidity=1, pendingPriceRevision=False)
2024-05-26 18:31:51,868 ib_async.wrapper INFO execDetails Execution(execId='0000d94c.6653ae8d.01.01', time=datetime.datetime(2024, 5, 26, 22, 47, 40, tzinfo=datetime.timezone.utc), acctNumber='U10394496', exchange='CME', side='SLD', shares=1.0, price=18875.0, permId=2104249575, clientId=82, orderId=9, liquidation=0, cumQty=1.0, avgPrice=18875.0, orderRef='', evRule='', evMultiplier=0.0, modelCode='', lastLiquidity=1, pendingPriceRevision=False)
2024-05-26 18:31:51,870 ib_async.wrapper INFO execDetails Execution(execId='0000d94c.6653aea9.01.01', time=datetime.datetime(2024, 5, 26, 22, 52, 33, tzinfo=datetime.timezone.utc), acctNumber='U10394496', exchange='CME', side='BOT', shares=1.0, price=18871.75, permId=2104249578, clientId=92, orderId=7, liquidation=0, cumQty=1.0, avgPrice=18871.75, orderRef='', evRule='', evMultiplier=0.0, modelCode='', lastLiquidity=1, pendingPriceRevision=False)
2024-05-26 18:31:51,871 ib_async.wrapper INFO execDetails Execution(execId='0000d94c.6653af0e.01.01', time=datetime.datetime(2024, 5, 26, 23, 6, 45, tzinfo=datetime.timezone.utc), acctNumber='U10394496', exchange='CME', side='BOT', shares=1.0, price=18860.5, permId=2104249593, clientId=28, orderId=417, liquidation=0, cumQty=1.0, avgPrice=18860.5, orderRef='', evRule='', evMultiplier=0.0, modelCode='', lastLiquidity=1, pendingPriceRevision=False)
2024-05-26 18:31:51,873 ib_async.wrapper INFO commissionReport: CommissionReport(execId='0000d94c.6653ae86.01.01', commission=2.0, currency='USD', realizedPNL=991.0, yield_=0.0, yieldRedemptionDate=0)
2024-05-26 18:31:51,873 ib_async.wrapper INFO commissionReport: CommissionReport(execId='0000d94c.6653ae8d.01.01', commission=2.0, currency='USD', realizedPNL=0.0, yield_=0.0, yieldRedemptionDate=0)
2024-05-26 18:31:51,874 ib_async.wrapper INFO commissionReport: CommissionReport(execId='0000d94c.6653aea9.01.01', commission=2.0, currency='USD', realizedPNL=533.5, yield_=0.0, yieldRedemptionDate=0)
2024-05-26 18:31:51,876 ib_async.wrapper INFO commissionReport: CommissionReport(execId='0000d94c.6653af0e.01.01', commission=2.0, currency='USD', realizedPNL=758.5, yield_=0.0, yieldRedemptionDate=0)
2024-05-26 18:31:51,877 ib_async.ib INFO Synchronization complete
2024-05-26 18:32:35,727 ib_async.client INFO Connecting to 127.0.0.1:4001 with clientId 70...
2024-05-26 18:32:35,730 ib_async.client INFO Connected
2024-05-26 18:32:35,734 ib_async.client INFO Logged on to server version 176
2024-05-26 18:32:35,740 ib_async.wrapper INFO Warning 2104, reqId -1: Market data farm connection is OK:usfuture
2024-05-26 18:32:35,740 ib_async.wrapper INFO Warning 2104, reqId -1: Market data farm connection is OK:usfarm
2024-05-26 18:32:35,741 ib_async.wrapper INFO Warning 2107, reqId -1: HMDS data farm connection is inactive but should be available upon demand.ushmds
2024-05-26 18:32:35,741 ib_async.wrapper INFO Warning 2158, reqId -1: Sec-def data farm connection is OK:secdefil
2024-05-26 18:32:35,742 ib_async.client INFO API connection ready
2024-05-26 18:32:35,754 ib_async.wrapper INFO position: Position(account='U2340948', contract=Stock(conId=4762, symbol='BA', exchange='NYSE', currency='USD', localSymbol='BA', tradingClass='BA'), position=254.0, avgCost=203.21112205)
2024-05-26 18:32:35,791 ib_async.wrapper INFO position: Position(account='U10394496', contract=Option(conId=637079300, symbol='HYG', lastTradeDateOrContractMonth='20240621', strike=73.0, right='P', multiplier='100', currency='USD', localSymbol='HYG   240621P00073000', tradingClass='HYG'), position=50.0, avgCost=12.44685)
2024-05-26 18:32:35,792 ib_async.wrapper INFO position: Position(account='U10394496', contract=Option(conId=682674010, symbol='AAPL', lastTradeDateOrContractMonth='20241018', strike=150.0, right='P', multiplier='100', currency='USD', localSymbol='AAPL  241018P00150000', tradingClass='AAPL'), position=4.0, avgCost=182.19685)
2024-05-26 18:32:35,793 ib_async.wrapper INFO position: Position(account='U10394496', contract=Option(conId=657576926, symbol='QQQ', lastTradeDateOrContractMonth='20240930', strike=376.78, right='P', multiplier='100', currency='USD', localSymbol='QQQ   240930P00376780', tradingClass='QQQ'), position=1.0, avgCost=501.0369)
2024-05-26 18:32:35,794 ib_async.wrapper INFO position: Position(account='U10394496', contract=Option(conId=669333316, symbol='NVDA', lastTradeDateOrContractMonth='20240719', strike=555.0, right='P', multiplier='100', currency='USD', localSymbol='NVDA  240719P00555000', tradingClass='NVDA'), position=2.0, avgCost=349.4231)
2024-05-26 18:32:35,796 ib_async.wrapper INFO position: Position(account='U10394496', contract=Option(conId=613471094, symbol='GOOGL', lastTradeDateOrContractMonth='20240920', strike=120.0, right='P', multiplier='100', currency='USD', localSymbol='GOOGL 240920P00120000', tradingClass='GOOGL'), position=10.0, avgCost=51.44685)
2024-05-26 18:32:35,797 ib_async.wrapper INFO position: Position(account='U10394496', contract=Option(conId=699061747, symbol='NVDA', lastTradeDateOrContractMonth='20240719', strike=855.0, right='P', multiplier='100', currency='USD', localSymbol='NVDA  240719P00855000', tradingClass='NVDA'), position=1.0, avgCost=593.0469)
2024-05-26 18:32:35,798 ib_async.wrapper INFO position: Position(account='U10394496', contract=Option(conId=699536227, symbol='PINS', lastTradeDateOrContractMonth='20240607', strike=33.0, right='P', multiplier='100', currency='USD', localSymbol='PINS  240607P00033000', tradingClass='PINS'), position=40.0, avgCost=13.44685)
2024-05-26 18:32:35,799 ib_async.wrapper INFO position: Position(account='U10394496', contract=Future(conId=620730920, symbol='NQ', lastTradeDateOrContractMonth='20240621', multiplier='20', currency='USD', localSymbol='NQM4', tradingClass='NQ'), position=0.0, avgCost=0.0)
2024-05-26 18:32:35,804 ib_async.wrapper INFO position: Position(account='U2340948', contract=Stock(conId=47486780, symbol='EDV', exchange='ARCA', currency='USD', localSymbol='EDV', tradingClass='EDV'), position=650.0, avgCost=77.7080769)
2024-05-26 18:32:35,805 ib_async.wrapper INFO position: Position(account='U10394496', contract=Option(conId=642744523, symbol='NVDA', lastTradeDateOrContractMonth='20240920', strike=510.0, right='P', multiplier='100', currency='USD', localSymbol='NVDA  240920P00510000', tradingClass='NVDA'), position=1.0, avgCost=501.0369)
2024-05-26 18:32:35,806 ib_async.wrapper INFO position: Position(account='U10394496', contract=Option(conId=699532596, symbol='QQQ', lastTradeDateOrContractMonth='20240607', strike=400.0, right='P', multiplier='100', currency='USD', localSymbol='QQQ   240607P00400000', tradingClass='QQQ'), position=2.0, avgCost=207.69685)
2024-05-26 18:32:35,808 ib_async.wrapper INFO position: Position(account='U10394496', contract=Option(conId=682677111, symbol='AMZN', lastTradeDateOrContractMonth='20241018', strike=130.0, right='P', multiplier='100', currency='USD', localSymbol='AMZN  241018P00130000', tradingClass='AMZN'), position=4.0, avgCost=115.68685)
2024-05-26 18:32:35,809 ib_async.wrapper INFO position: Position(account='U2340948', contract=Stock(conId=229726228, symbol='RSX', exchange='VALUE', currency='USD', localSymbol='RSX', tradingClass='RSX'), position=100.0, avgCost=6.889977)
2024-05-26 18:32:36,068 ib_async.wrapper INFO execDetails Execution(execId='0000d94c.6653ae86.01.01', time=datetime.datetime(2024, 5, 26, 22, 46, 23, tzinfo=datetime.timezone.utc), acctNumber='U10394496', exchange='CME', side='BOT', shares=1.0, price=18872.5, permId=2104249574, clientId=82, orderId=7, liquidation=0, cumQty=1.0, avgPrice=18872.5, orderRef='', evRule='', evMultiplier=0.0, modelCode='', lastLiquidity=1, pendingPriceRevision=False)
2024-05-26 18:32:36,069 ib_async.wrapper INFO execDetails Execution(execId='0000d94c.6653ae8d.01.01', time=datetime.datetime(2024, 5, 26, 22, 47, 40, tzinfo=datetime.timezone.utc), acctNumber='U10394496', exchange='CME', side='SLD', shares=1.0, price=18875.0, permId=2104249575, clientId=82, orderId=9, liquidation=0, cumQty=1.0, avgPrice=18875.0, orderRef='', evRule='', evMultiplier=0.0, modelCode='', lastLiquidity=1, pendingPriceRevision=False)
2024-05-26 18:32:36,070 ib_async.wrapper INFO execDetails Execution(execId='0000d94c.6653aea9.01.01', time=datetime.datetime(2024, 5, 26, 22, 52, 33, tzinfo=datetime.timezone.utc), acctNumber='U10394496', exchange='CME', side='BOT', shares=1.0, price=18871.75, permId=2104249578, clientId=92, orderId=7, liquidation=0, cumQty=1.0, avgPrice=18871.75, orderRef='', evRule='', evMultiplier=0.0, modelCode='', lastLiquidity=1, pendingPriceRevision=False)
2024-05-26 18:32:36,071 ib_async.wrapper INFO execDetails Execution(execId='0000d94c.6653af0e.01.01', time=datetime.datetime(2024, 5, 26, 23, 6, 45, tzinfo=datetime.timezone.utc), acctNumber='U10394496', exchange='CME', side='BOT', shares=1.0, price=18860.5, permId=2104249593, clientId=28, orderId=417, liquidation=0, cumQty=1.0, avgPrice=18860.5, orderRef='', evRule='', evMultiplier=0.0, modelCode='', lastLiquidity=1, pendingPriceRevision=False)
2024-05-26 18:32:36,071 ib_async.wrapper INFO commissionReport: CommissionReport(execId='0000d94c.6653ae86.01.01', commission=2.0, currency='USD', realizedPNL=991.0, yield_=0.0, yieldRedemptionDate=0)
2024-05-26 18:32:36,072 ib_async.wrapper INFO commissionReport: CommissionReport(execId='0000d94c.6653ae8d.01.01', commission=2.0, currency='USD', realizedPNL=0.0, yield_=0.0, yieldRedemptionDate=0)
2024-05-26 18:32:36,072 ib_async.wrapper INFO commissionReport: CommissionReport(execId='0000d94c.6653aea9.01.01', commission=2.0, currency='USD', realizedPNL=533.5, yield_=0.0, yieldRedemptionDate=0)
2024-05-26 18:32:36,073 ib_async.wrapper INFO commissionReport: CommissionReport(execId='0000d94c.6653af0e.01.01', commission=2.0, currency='USD', realizedPNL=758.5, yield_=0.0, yieldRedemptionDate=0)
2024-05-26 18:32:36,073 ib_async.ib INFO Synchronization complete
2024-05-26 18:34:15,968 ib_async.client INFO Connecting to 127.0.0.1:4001 with clientId 36...
2024-05-26 18:34:15,971 ib_async.client INFO Connected
2024-05-26 18:34:15,978 ib_async.client INFO Logged on to server version 176
2024-05-26 18:34:16,023 ib_async.wrapper INFO Warning 2104, reqId -1: Market data farm connection is OK:usfuture
2024-05-26 18:34:16,024 ib_async.wrapper INFO Warning 2104, reqId -1: Market data farm connection is OK:usfarm
2024-05-26 18:34:16,025 ib_async.wrapper INFO Warning 2107, reqId -1: HMDS data farm connection is inactive but should be available upon demand.ushmds
2024-05-26 18:34:16,026 ib_async.wrapper INFO Warning 2158, reqId -1: Sec-def data farm connection is OK:secdefil
2024-05-26 18:34:16,027 ib_async.client INFO API connection ready
2024-05-26 18:34:16,043 ib_async.wrapper INFO position: Position(account='U2340948', contract=Stock(conId=4762, symbol='BA', exchange='NYSE', currency='USD', localSymbol='BA', tradingClass='BA'), position=254.0, avgCost=203.21112205)
2024-05-26 18:34:16,087 ib_async.wrapper INFO position: Position(account='U10394496', contract=Option(conId=637079300, symbol='HYG', lastTradeDateOrContractMonth='20240621', strike=73.0, right='P', multiplier='100', currency='USD', localSymbol='HYG   240621P00073000', tradingClass='HYG'), position=50.0, avgCost=12.44685)
2024-05-26 18:34:16,090 ib_async.wrapper INFO position: Position(account='U10394496', contract=Option(conId=682674010, symbol='AAPL', lastTradeDateOrContractMonth='20241018', strike=150.0, right='P', multiplier='100', currency='USD', localSymbol='AAPL  241018P00150000', tradingClass='AAPL'), position=4.0, avgCost=182.19685)
2024-05-26 18:34:16,092 ib_async.wrapper INFO position: Position(account='U10394496', contract=Option(conId=657576926, symbol='QQQ', lastTradeDateOrContractMonth='20240930', strike=376.78, right='P', multiplier='100', currency='USD', localSymbol='QQQ   240930P00376780', tradingClass='QQQ'), position=1.0, avgCost=501.0369)
2024-05-26 18:34:16,094 ib_async.wrapper INFO position: Position(account='U10394496', contract=Option(conId=669333316, symbol='NVDA', lastTradeDateOrContractMonth='20240719', strike=555.0, right='P', multiplier='100', currency='USD', localSymbol='NVDA  240719P00555000', tradingClass='NVDA'), position=2.0, avgCost=349.4231)
2024-05-26 18:34:16,095 ib_async.wrapper INFO position: Position(account='U10394496', contract=Option(conId=613471094, symbol='GOOGL', lastTradeDateOrContractMonth='20240920', strike=120.0, right='P', multiplier='100', currency='USD', localSymbol='GOOGL 240920P00120000', tradingClass='GOOGL'), position=10.0, avgCost=51.44685)
2024-05-26 18:34:16,098 ib_async.wrapper INFO position: Position(account='U10394496', contract=Option(conId=699061747, symbol='NVDA', lastTradeDateOrContractMonth='20240719', strike=855.0, right='P', multiplier='100', currency='USD', localSymbol='NVDA  240719P00855000', tradingClass='NVDA'), position=1.0, avgCost=593.0469)
2024-05-26 18:34:16,100 ib_async.wrapper INFO position: Position(account='U10394496', contract=Option(conId=699536227, symbol='PINS', lastTradeDateOrContractMonth='20240607', strike=33.0, right='P', multiplier='100', currency='USD', localSymbol='PINS  240607P00033000', tradingClass='PINS'), position=40.0, avgCost=13.44685)
2024-05-26 18:34:16,103 ib_async.wrapper INFO position: Position(account='U10394496', contract=Future(conId=620730920, symbol='NQ', lastTradeDateOrContractMonth='20240621', multiplier='20', currency='USD', localSymbol='NQM4', tradingClass='NQ'), position=0.0, avgCost=0.0)
2024-05-26 18:34:16,104 ib_async.wrapper INFO position: Position(account='U2340948', contract=Stock(conId=47486780, symbol='EDV', exchange='ARCA', currency='USD', localSymbol='EDV', tradingClass='EDV'), position=650.0, avgCost=77.7080769)
2024-05-26 18:34:16,105 ib_async.wrapper INFO position: Position(account='U10394496', contract=Option(conId=642744523, symbol='NVDA', lastTradeDateOrContractMonth='20240920', strike=510.0, right='P', multiplier='100', currency='USD', localSymbol='NVDA  240920P00510000', tradingClass='NVDA'), position=1.0, avgCost=501.0369)
2024-05-26 18:34:16,105 ib_async.wrapper INFO position: Position(account='U10394496', contract=Option(conId=699532596, symbol='QQQ', lastTradeDateOrContractMonth='20240607', strike=400.0, right='P', multiplier='100', currency='USD', localSymbol='QQQ   240607P00400000', tradingClass='QQQ'), position=2.0, avgCost=207.69685)
2024-05-26 18:34:16,111 ib_async.wrapper INFO position: Position(account='U10394496', contract=Option(conId=682677111, symbol='AMZN', lastTradeDateOrContractMonth='20241018', strike=130.0, right='P', multiplier='100', currency='USD', localSymbol='AMZN  241018P00130000', tradingClass='AMZN'), position=4.0, avgCost=115.68685)
2024-05-26 18:34:16,115 ib_async.wrapper INFO position: Position(account='U2340948', contract=Stock(conId=229726228, symbol='RSX', exchange='VALUE', currency='USD', localSymbol='RSX', tradingClass='RSX'), position=100.0, avgCost=6.889977)
2024-05-26 18:34:16,303 ib_async.wrapper INFO execDetails Execution(execId='0000d94c.6653ae86.01.01', time=datetime.datetime(2024, 5, 26, 22, 46, 23, tzinfo=datetime.timezone.utc), acctNumber='U10394496', exchange='CME', side='BOT', shares=1.0, price=18872.5, permId=2104249574, clientId=82, orderId=7, liquidation=0, cumQty=1.0, avgPrice=18872.5, orderRef='', evRule='', evMultiplier=0.0, modelCode='', lastLiquidity=1, pendingPriceRevision=False)
2024-05-26 18:34:16,335 ib_async.wrapper INFO execDetails Execution(execId='0000d94c.6653ae8d.01.01', time=datetime.datetime(2024, 5, 26, 22, 47, 40, tzinfo=datetime.timezone.utc), acctNumber='U10394496', exchange='CME', side='SLD', shares=1.0, price=18875.0, permId=2104249575, clientId=82, orderId=9, liquidation=0, cumQty=1.0, avgPrice=18875.0, orderRef='', evRule='', evMultiplier=0.0, modelCode='', lastLiquidity=1, pendingPriceRevision=False)
2024-05-26 18:34:16,336 ib_async.wrapper INFO execDetails Execution(execId='0000d94c.6653aea9.01.01', time=datetime.datetime(2024, 5, 26, 22, 52, 33, tzinfo=datetime.timezone.utc), acctNumber='U10394496', exchange='CME', side='BOT', shares=1.0, price=18871.75, permId=2104249578, clientId=92, orderId=7, liquidation=0, cumQty=1.0, avgPrice=18871.75, orderRef='', evRule='', evMultiplier=0.0, modelCode='', lastLiquidity=1, pendingPriceRevision=False)
2024-05-26 18:34:16,337 ib_async.wrapper INFO execDetails Execution(execId='0000d94c.6653af0e.01.01', time=datetime.datetime(2024, 5, 26, 23, 6, 45, tzinfo=datetime.timezone.utc), acctNumber='U10394496', exchange='CME', side='BOT', shares=1.0, price=18860.5, permId=2104249593, clientId=28, orderId=417, liquidation=0, cumQty=1.0, avgPrice=18860.5, orderRef='', evRule='', evMultiplier=0.0, modelCode='', lastLiquidity=1, pendingPriceRevision=False)
2024-05-26 18:34:16,338 ib_async.wrapper INFO commissionReport: CommissionReport(execId='0000d94c.6653ae86.01.01', commission=2.0, currency='USD', realizedPNL=991.0, yield_=0.0, yieldRedemptionDate=0)
2024-05-26 18:34:16,338 ib_async.wrapper INFO commissionReport: CommissionReport(execId='0000d94c.6653ae8d.01.01', commission=2.0, currency='USD', realizedPNL=0.0, yield_=0.0, yieldRedemptionDate=0)
2024-05-26 18:34:16,339 ib_async.wrapper INFO commissionReport: CommissionReport(execId='0000d94c.6653aea9.01.01', commission=2.0, currency='USD', realizedPNL=533.5, yield_=0.0, yieldRedemptionDate=0)
2024-05-26 18:34:16,339 ib_async.wrapper INFO commissionReport: CommissionReport(execId='0000d94c.6653af0e.01.01', commission=2.0, currency='USD', realizedPNL=758.5, yield_=0.0, yieldRedemptionDate=0)
2024-05-26 18:34:16,340 ib_async.ib INFO Synchronization complete
2024-05-26 18:37:54,434 ib_async.client INFO Connecting to 127.0.0.1:4001 with clientId 14...
2024-05-26 18:37:54,440 ib_async.client INFO Connected
2024-05-26 18:37:54,444 ib_async.client INFO Logged on to server version 176
2024-05-26 18:37:54,491 ib_async.wrapper INFO Warning 2104, reqId -1: Market data farm connection is OK:usfuture
2024-05-26 18:37:54,493 ib_async.wrapper INFO Warning 2104, reqId -1: Market data farm connection is OK:usfarm
2024-05-26 18:37:54,493 ib_async.wrapper INFO Warning 2107, reqId -1: HMDS data farm connection is inactive but should be available upon demand.ushmds
2024-05-26 18:37:54,494 ib_async.wrapper INFO Warning 2158, reqId -1: Sec-def data farm connection is OK:secdefil
2024-05-26 18:37:54,494 ib_async.client INFO API connection ready
2024-05-26 18:37:54,506 ib_async.wrapper INFO position: Position(account='U2340948', contract=Stock(conId=4762, symbol='BA', exchange='NYSE', currency='USD', localSymbol='BA', tradingClass='BA'), position=254.0, avgCost=203.21112205)
2024-05-26 18:37:54,556 ib_async.wrapper INFO position: Position(account='U10394496', contract=Option(conId=637079300, symbol='HYG', lastTradeDateOrContractMonth='20240621', strike=73.0, right='P', multiplier='100', currency='USD', localSymbol='HYG   240621P00073000', tradingClass='HYG'), position=50.0, avgCost=12.44685)
2024-05-26 18:37:54,557 ib_async.wrapper INFO position: Position(account='U10394496', contract=Option(conId=682674010, symbol='AAPL', lastTradeDateOrContractMonth='20241018', strike=150.0, right='P', multiplier='100', currency='USD', localSymbol='AAPL  241018P00150000', tradingClass='AAPL'), position=4.0, avgCost=182.19685)
2024-05-26 18:37:54,558 ib_async.wrapper INFO position: Position(account='U10394496', contract=Option(conId=657576926, symbol='QQQ', lastTradeDateOrContractMonth='20240930', strike=376.78, right='P', multiplier='100', currency='USD', localSymbol='QQQ   240930P00376780', tradingClass='QQQ'), position=1.0, avgCost=501.0369)
2024-05-26 18:37:54,562 ib_async.wrapper INFO position: Position(account='U10394496', contract=Option(conId=669333316, symbol='NVDA', lastTradeDateOrContractMonth='20240719', strike=555.0, right='P', multiplier='100', currency='USD', localSymbol='NVDA  240719P00555000', tradingClass='NVDA'), position=2.0, avgCost=349.4231)
2024-05-26 18:37:54,566 ib_async.wrapper INFO position: Position(account='U10394496', contract=Option(conId=613471094, symbol='GOOGL', lastTradeDateOrContractMonth='20240920', strike=120.0, right='P', multiplier='100', currency='USD', localSymbol='GOOGL 240920P00120000', tradingClass='GOOGL'), position=10.0, avgCost=51.44685)
2024-05-26 18:37:54,567 ib_async.wrapper INFO position: Position(account='U10394496', contract=Option(conId=699061747, symbol='NVDA', lastTradeDateOrContractMonth='20240719', strike=855.0, right='P', multiplier='100', currency='USD', localSymbol='NVDA  240719P00855000', tradingClass='NVDA'), position=1.0, avgCost=593.0469)
2024-05-26 18:37:54,567 ib_async.wrapper INFO position: Position(account='U10394496', contract=Option(conId=699536227, symbol='PINS', lastTradeDateOrContractMonth='20240607', strike=33.0, right='P', multiplier='100', currency='USD', localSymbol='PINS  240607P00033000', tradingClass='PINS'), position=40.0, avgCost=13.44685)
2024-05-26 18:37:54,568 ib_async.wrapper INFO position: Position(account='U10394496', contract=Future(conId=620730920, symbol='NQ', lastTradeDateOrContractMonth='20240621', multiplier='20', currency='USD', localSymbol='NQM4', tradingClass='NQ'), position=0.0, avgCost=0.0)
2024-05-26 18:37:54,569 ib_async.wrapper INFO position: Position(account='U2340948', contract=Stock(conId=47486780, symbol='EDV', exchange='ARCA', currency='USD', localSymbol='EDV', tradingClass='EDV'), position=650.0, avgCost=77.7080769)
2024-05-26 18:37:54,570 ib_async.wrapper INFO position: Position(account='U10394496', contract=Option(conId=642744523, symbol='NVDA', lastTradeDateOrContractMonth='20240920', strike=510.0, right='P', multiplier='100', currency='USD', localSymbol='NVDA  240920P00510000', tradingClass='NVDA'), position=1.0, avgCost=501.0369)
2024-05-26 18:37:54,578 ib_async.wrapper INFO position: Position(account='U10394496', contract=Option(conId=699532596, symbol='QQQ', lastTradeDateOrContractMonth='20240607', strike=400.0, right='P', multiplier='100', currency='USD', localSymbol='QQQ   240607P00400000', tradingClass='QQQ'), position=2.0, avgCost=207.69685)
2024-05-26 18:37:54,579 ib_async.wrapper INFO position: Position(account='U10394496', contract=Option(conId=682677111, symbol='AMZN', lastTradeDateOrContractMonth='20241018', strike=130.0, right='P', multiplier='100', currency='USD', localSymbol='AMZN  241018P00130000', tradingClass='AMZN'), position=4.0, avgCost=115.68685)
2024-05-26 18:37:54,579 ib_async.wrapper INFO position: Position(account='U2340948', contract=Stock(conId=229726228, symbol='RSX', exchange='VALUE', currency='USD', localSymbol='RSX', tradingClass='RSX'), position=100.0, avgCost=6.889977)
2024-05-26 18:37:55,120 ib_async.wrapper INFO execDetails Execution(execId='0000d94c.6653ae86.01.01', time=datetime.datetime(2024, 5, 26, 22, 46, 23, tzinfo=datetime.timezone.utc), acctNumber='U10394496', exchange='CME', side='BOT', shares=1.0, price=18872.5, permId=2104249574, clientId=82, orderId=7, liquidation=0, cumQty=1.0, avgPrice=18872.5, orderRef='', evRule='', evMultiplier=0.0, modelCode='', lastLiquidity=1, pendingPriceRevision=False)
2024-05-26 18:37:55,147 ib_async.wrapper INFO execDetails Execution(execId='0000d94c.6653ae8d.01.01', time=datetime.datetime(2024, 5, 26, 22, 47, 40, tzinfo=datetime.timezone.utc), acctNumber='U10394496', exchange='CME', side='SLD', shares=1.0, price=18875.0, permId=2104249575, clientId=82, orderId=9, liquidation=0, cumQty=1.0, avgPrice=18875.0, orderRef='', evRule='', evMultiplier=0.0, modelCode='', lastLiquidity=1, pendingPriceRevision=False)
2024-05-26 18:37:55,148 ib_async.wrapper INFO execDetails Execution(execId='0000d94c.6653aea9.01.01', time=datetime.datetime(2024, 5, 26, 22, 52, 33, tzinfo=datetime.timezone.utc), acctNumber='U10394496', exchange='CME', side='BOT', shares=1.0, price=18871.75, permId=2104249578, clientId=92, orderId=7, liquidation=0, cumQty=1.0, avgPrice=18871.75, orderRef='', evRule='', evMultiplier=0.0, modelCode='', lastLiquidity=1, pendingPriceRevision=False)
2024-05-26 18:37:55,149 ib_async.wrapper INFO execDetails Execution(execId='0000d94c.6653af0e.01.01', time=datetime.datetime(2024, 5, 26, 23, 6, 45, tzinfo=datetime.timezone.utc), acctNumber='U10394496', exchange='CME', side='BOT', shares=1.0, price=18860.5, permId=2104249593, clientId=28, orderId=417, liquidation=0, cumQty=1.0, avgPrice=18860.5, orderRef='', evRule='', evMultiplier=0.0, modelCode='', lastLiquidity=1, pendingPriceRevision=False)
2024-05-26 18:37:55,149 ib_async.wrapper INFO commissionReport: CommissionReport(execId='0000d94c.6653ae86.01.01', commission=2.0, currency='USD', realizedPNL=991.0, yield_=0.0, yieldRedemptionDate=0)
2024-05-26 18:37:55,150 ib_async.wrapper INFO commissionReport: CommissionReport(execId='0000d94c.6653ae8d.01.01', commission=2.0, currency='USD', realizedPNL=0.0, yield_=0.0, yieldRedemptionDate=0)
2024-05-26 18:37:55,150 ib_async.wrapper INFO commissionReport: CommissionReport(execId='0000d94c.6653aea9.01.01', commission=2.0, currency='USD', realizedPNL=533.5, yield_=0.0, yieldRedemptionDate=0)
2024-05-26 18:37:55,151 ib_async.wrapper INFO commissionReport: CommissionReport(execId='0000d94c.6653af0e.01.01', commission=2.0, currency='USD', realizedPNL=758.5, yield_=0.0, yieldRedemptionDate=0)
2024-05-26 18:37:55,151 ib_async.ib INFO Synchronization complete
2024-05-26 18:45:16,775 ib_async.client INFO Connecting to 127.0.0.1:4001 with clientId 25...
2024-05-26 18:45:16,778 ib_async.client INFO Connected
2024-05-26 18:45:16,785 ib_async.client INFO Logged on to server version 176
2024-05-26 18:45:17,320 ib_async.client ERROR Peer closed connection. clientId 25 already in use?
2024-05-26 18:45:20,783 ib_async.client INFO Disconnecting
2024-05-26 18:45:20,783 ib_async.client ERROR API connection failed: TimeoutError()
2024-05-26 18:45:32,972 ib_async.client INFO Connecting to 127.0.0.1:4001 with clientId 18...
2024-05-26 18:45:32,975 ib_async.client INFO Connected
2024-05-26 18:45:32,979 ib_async.client INFO Logged on to server version 176
2024-05-26 18:45:33,023 ib_async.wrapper INFO Warning 2104, reqId -1: Market data farm connection is OK:usfuture
2024-05-26 18:45:33,023 ib_async.wrapper INFO Warning 2104, reqId -1: Market data farm connection is OK:usfarm
2024-05-26 18:45:33,024 ib_async.wrapper INFO Warning 2107, reqId -1: HMDS data farm connection is inactive but should be available upon demand.ushmds
2024-05-26 18:45:33,024 ib_async.wrapper INFO Warning 2158, reqId -1: Sec-def data farm connection is OK:secdefil
2024-05-26 18:45:33,025 ib_async.client INFO API connection ready
2024-05-26 18:45:33,034 ib_async.wrapper INFO position: Position(account='U2340948', contract=Stock(conId=4762, symbol='BA', exchange='NYSE', currency='USD', localSymbol='BA', tradingClass='BA'), position=254.0, avgCost=203.21112205)
2024-05-26 18:45:33,036 ib_async.wrapper INFO position: Position(account='U10394496', contract=Option(conId=637079300, symbol='HYG', lastTradeDateOrContractMonth='20240621', strike=73.0, right='P', multiplier='100', currency='USD', localSymbol='HYG   240621P00073000', tradingClass='HYG'), position=50.0, avgCost=12.44685)
2024-05-26 18:45:33,037 ib_async.wrapper INFO position: Position(account='U10394496', contract=Option(conId=682674010, symbol='AAPL', lastTradeDateOrContractMonth='20241018', strike=150.0, right='P', multiplier='100', currency='USD', localSymbol='AAPL  241018P00150000', tradingClass='AAPL'), position=4.0, avgCost=182.19685)
2024-05-26 18:45:33,040 ib_async.wrapper INFO position: Position(account='U10394496', contract=Option(conId=657576926, symbol='QQQ', lastTradeDateOrContractMonth='20240930', strike=376.78, right='P', multiplier='100', currency='USD', localSymbol='QQQ   240930P00376780', tradingClass='QQQ'), position=1.0, avgCost=501.0369)
2024-05-26 18:45:33,041 ib_async.wrapper INFO position: Position(account='U10394496', contract=Option(conId=669333316, symbol='NVDA', lastTradeDateOrContractMonth='20240719', strike=555.0, right='P', multiplier='100', currency='USD', localSymbol='NVDA  240719P00555000', tradingClass='NVDA'), position=2.0, avgCost=349.4231)
2024-05-26 18:45:33,043 ib_async.wrapper INFO position: Position(account='U10394496', contract=Option(conId=613471094, symbol='GOOGL', lastTradeDateOrContractMonth='20240920', strike=120.0, right='P', multiplier='100', currency='USD', localSymbol='GOOGL 240920P00120000', tradingClass='GOOGL'), position=10.0, avgCost=51.44685)
2024-05-26 18:45:33,043 ib_async.wrapper INFO position: Position(account='U10394496', contract=Option(conId=699061747, symbol='NVDA', lastTradeDateOrContractMonth='20240719', strike=855.0, right='P', multiplier='100', currency='USD', localSymbol='NVDA  240719P00855000', tradingClass='NVDA'), position=1.0, avgCost=593.0469)
2024-05-26 18:45:33,044 ib_async.wrapper INFO position: Position(account='U10394496', contract=Option(conId=699536227, symbol='PINS', lastTradeDateOrContractMonth='20240607', strike=33.0, right='P', multiplier='100', currency='USD', localSymbol='PINS  240607P00033000', tradingClass='PINS'), position=40.0, avgCost=13.44685)
2024-05-26 18:45:33,046 ib_async.wrapper INFO position: Position(account='U10394496', contract=Future(conId=620730920, symbol='NQ', lastTradeDateOrContractMonth='20240621', multiplier='20', currency='USD', localSymbol='NQM4', tradingClass='NQ'), position=0.0, avgCost=0.0)
2024-05-26 18:45:33,047 ib_async.wrapper INFO position: Position(account='U2340948', contract=Stock(conId=47486780, symbol='EDV', exchange='ARCA', currency='USD', localSymbol='EDV', tradingClass='EDV'), position=650.0, avgCost=77.7080769)
2024-05-26 18:45:33,048 ib_async.wrapper INFO position: Position(account='U10394496', contract=Option(conId=642744523, symbol='NVDA', lastTradeDateOrContractMonth='20240920', strike=510.0, right='P', multiplier='100', currency='USD', localSymbol='NVDA  240920P00510000', tradingClass='NVDA'), position=1.0, avgCost=501.0369)
2024-05-26 18:45:33,049 ib_async.wrapper INFO position: Position(account='U10394496', contract=Option(conId=699532596, symbol='QQQ', lastTradeDateOrContractMonth='20240607', strike=400.0, right='P', multiplier='100', currency='USD', localSymbol='QQQ   240607P00400000', tradingClass='QQQ'), position=2.0, avgCost=207.69685)
2024-05-26 18:45:33,050 ib_async.wrapper INFO position: Position(account='U10394496', contract=Option(conId=682677111, symbol='AMZN', lastTradeDateOrContractMonth='20241018', strike=130.0, right='P', multiplier='100', currency='USD', localSymbol='AMZN  241018P00130000', tradingClass='AMZN'), position=4.0, avgCost=115.68685)
2024-05-26 18:45:33,052 ib_async.wrapper INFO position: Position(account='U2340948', contract=Stock(conId=229726228, symbol='RSX', exchange='VALUE', currency='USD', localSymbol='RSX', tradingClass='RSX'), position=100.0, avgCost=6.889977)
2024-05-26 18:45:33,810 ib_async.wrapper INFO execDetails Execution(execId='0000d94c.6653ae86.01.01', time=datetime.datetime(2024, 5, 26, 22, 46, 23, tzinfo=datetime.timezone.utc), acctNumber='U10394496', exchange='CME', side='BOT', shares=1.0, price=18872.5, permId=2104249574, clientId=82, orderId=7, liquidation=0, cumQty=1.0, avgPrice=18872.5, orderRef='', evRule='', evMultiplier=0.0, modelCode='', lastLiquidity=1, pendingPriceRevision=False)
2024-05-26 18:45:33,840 ib_async.wrapper INFO execDetails Execution(execId='0000d94c.6653ae8d.01.01', time=datetime.datetime(2024, 5, 26, 22, 47, 40, tzinfo=datetime.timezone.utc), acctNumber='U10394496', exchange='CME', side='SLD', shares=1.0, price=18875.0, permId=2104249575, clientId=82, orderId=9, liquidation=0, cumQty=1.0, avgPrice=18875.0, orderRef='', evRule='', evMultiplier=0.0, modelCode='', lastLiquidity=1, pendingPriceRevision=False)
2024-05-26 18:45:33,841 ib_async.wrapper INFO execDetails Execution(execId='0000d94c.6653aea9.01.01', time=datetime.datetime(2024, 5, 26, 22, 52, 33, tzinfo=datetime.timezone.utc), acctNumber='U10394496', exchange='CME', side='BOT', shares=1.0, price=18871.75, permId=2104249578, clientId=92, orderId=7, liquidation=0, cumQty=1.0, avgPrice=18871.75, orderRef='', evRule='', evMultiplier=0.0, modelCode='', lastLiquidity=1, pendingPriceRevision=False)
2024-05-26 18:45:33,842 ib_async.wrapper INFO execDetails Execution(execId='0000d94c.6653af0e.01.01', time=datetime.datetime(2024, 5, 26, 23, 6, 45, tzinfo=datetime.timezone.utc), acctNumber='U10394496', exchange='CME', side='BOT', shares=1.0, price=18860.5, permId=2104249593, clientId=28, orderId=417, liquidation=0, cumQty=1.0, avgPrice=18860.5, orderRef='', evRule='', evMultiplier=0.0, modelCode='', lastLiquidity=1, pendingPriceRevision=False)
2024-05-26 18:45:33,845 ib_async.wrapper INFO commissionReport: CommissionReport(execId='0000d94c.6653ae86.01.01', commission=2.0, currency='USD', realizedPNL=991.0, yield_=0.0, yieldRedemptionDate=0)
2024-05-26 18:45:33,846 ib_async.wrapper INFO commissionReport: CommissionReport(execId='0000d94c.6653ae8d.01.01', commission=2.0, currency='USD', realizedPNL=0.0, yield_=0.0, yieldRedemptionDate=0)
2024-05-26 18:45:33,846 ib_async.wrapper INFO commissionReport: CommissionReport(execId='0000d94c.6653aea9.01.01', commission=2.0, currency='USD', realizedPNL=533.5, yield_=0.0, yieldRedemptionDate=0)
2024-05-26 18:45:33,847 ib_async.wrapper INFO commissionReport: CommissionReport(execId='0000d94c.6653af0e.01.01', commission=2.0, currency='USD', realizedPNL=758.5, yield_=0.0, yieldRedemptionDate=0)
2024-05-26 18:45:33,847 ib_async.ib INFO Synchronization complete
2024-05-26 18:47:10,155 ib_async.client INFO Connecting to 127.0.0.1:4001 with clientId 32...
2024-05-26 18:47:10,160 ib_async.client INFO Connected
2024-05-26 18:47:10,166 ib_async.client INFO Logged on to server version 176
2024-05-26 18:47:10,211 ib_async.wrapper INFO Warning 2104, reqId -1: Market data farm connection is OK:usfuture
2024-05-26 18:47:10,211 ib_async.wrapper INFO Warning 2104, reqId -1: Market data farm connection is OK:usfarm
2024-05-26 18:47:10,212 ib_async.wrapper INFO Warning 2107, reqId -1: HMDS data farm connection is inactive but should be available upon demand.ushmds
2024-05-26 18:47:10,212 ib_async.wrapper INFO Warning 2158, reqId -1: Sec-def data farm connection is OK:secdefil
2024-05-26 18:47:10,213 ib_async.client INFO API connection ready
2024-05-26 18:47:10,222 ib_async.wrapper INFO position: Position(account='U2340948', contract=Stock(conId=4762, symbol='BA', exchange='NYSE', currency='USD', localSymbol='BA', tradingClass='BA'), position=254.0, avgCost=203.21112205)
2024-05-26 18:47:10,264 ib_async.wrapper INFO position: Position(account='U10394496', contract=Option(conId=637079300, symbol='HYG', lastTradeDateOrContractMonth='20240621', strike=73.0, right='P', multiplier='100', currency='USD', localSymbol='HYG   240621P00073000', tradingClass='HYG'), position=50.0, avgCost=12.44685)
2024-05-26 18:47:10,266 ib_async.wrapper INFO position: Position(account='U10394496', contract=Option(conId=682674010, symbol='AAPL', lastTradeDateOrContractMonth='20241018', strike=150.0, right='P', multiplier='100', currency='USD', localSymbol='AAPL  241018P00150000', tradingClass='AAPL'), position=4.0, avgCost=182.19685)
2024-05-26 18:47:10,270 ib_async.wrapper INFO position: Position(account='U10394496', contract=Option(conId=657576926, symbol='QQQ', lastTradeDateOrContractMonth='20240930', strike=376.78, right='P', multiplier='100', currency='USD', localSymbol='QQQ   240930P00376780', tradingClass='QQQ'), position=1.0, avgCost=501.0369)
2024-05-26 18:47:10,272 ib_async.wrapper INFO position: Position(account='U10394496', contract=Option(conId=669333316, symbol='NVDA', lastTradeDateOrContractMonth='20240719', strike=555.0, right='P', multiplier='100', currency='USD', localSymbol='NVDA  240719P00555000', tradingClass='NVDA'), position=2.0, avgCost=349.4231)
2024-05-26 18:47:10,273 ib_async.wrapper INFO position: Position(account='U10394496', contract=Option(conId=613471094, symbol='GOOGL', lastTradeDateOrContractMonth='20240920', strike=120.0, right='P', multiplier='100', currency='USD', localSymbol='GOOGL 240920P00120000', tradingClass='GOOGL'), position=10.0, avgCost=51.44685)
2024-05-26 18:47:10,275 ib_async.wrapper INFO position: Position(account='U10394496', contract=Option(conId=699061747, symbol='NVDA', lastTradeDateOrContractMonth='20240719', strike=855.0, right='P', multiplier='100', currency='USD', localSymbol='NVDA  240719P00855000', tradingClass='NVDA'), position=1.0, avgCost=593.0469)
2024-05-26 18:47:10,276 ib_async.wrapper INFO position: Position(account='U10394496', contract=Option(conId=699536227, symbol='PINS', lastTradeDateOrContractMonth='20240607', strike=33.0, right='P', multiplier='100', currency='USD', localSymbol='PINS  240607P00033000', tradingClass='PINS'), position=40.0, avgCost=13.44685)
2024-05-26 18:47:10,278 ib_async.wrapper INFO position: Position(account='U10394496', contract=Future(conId=620730920, symbol='NQ', lastTradeDateOrContractMonth='20240621', multiplier='20', currency='USD', localSymbol='NQM4', tradingClass='NQ'), position=0.0, avgCost=0.0)
2024-05-26 18:47:10,280 ib_async.wrapper INFO position: Position(account='U2340948', contract=Stock(conId=47486780, symbol='EDV', exchange='ARCA', currency='USD', localSymbol='EDV', tradingClass='EDV'), position=650.0, avgCost=77.7080769)
2024-05-26 18:47:10,282 ib_async.wrapper INFO position: Position(account='U10394496', contract=Option(conId=642744523, symbol='NVDA', lastTradeDateOrContractMonth='20240920', strike=510.0, right='P', multiplier='100', currency='USD', localSymbol='NVDA  240920P00510000', tradingClass='NVDA'), position=1.0, avgCost=501.0369)
2024-05-26 18:47:10,284 ib_async.wrapper INFO position: Position(account='U10394496', contract=Option(conId=699532596, symbol='QQQ', lastTradeDateOrContractMonth='20240607', strike=400.0, right='P', multiplier='100', currency='USD', localSymbol='QQQ   240607P00400000', tradingClass='QQQ'), position=2.0, avgCost=207.69685)
2024-05-26 18:47:10,285 ib_async.wrapper INFO position: Position(account='U10394496', contract=Option(conId=682677111, symbol='AMZN', lastTradeDateOrContractMonth='20241018', strike=130.0, right='P', multiplier='100', currency='USD', localSymbol='AMZN  241018P00130000', tradingClass='AMZN'), position=4.0, avgCost=115.68685)
2024-05-26 18:47:10,287 ib_async.wrapper INFO position: Position(account='U2340948', contract=Stock(conId=229726228, symbol='RSX', exchange='VALUE', currency='USD', localSymbol='RSX', tradingClass='RSX'), position=100.0, avgCost=6.889977)
2024-05-26 18:47:10,839 ib_async.wrapper INFO execDetails Execution(execId='0000d94c.6653ae86.01.01', time=datetime.datetime(2024, 5, 26, 22, 46, 23, tzinfo=datetime.timezone.utc), acctNumber='U10394496', exchange='CME', side='BOT', shares=1.0, price=18872.5, permId=2104249574, clientId=82, orderId=7, liquidation=0, cumQty=1.0, avgPrice=18872.5, orderRef='', evRule='', evMultiplier=0.0, modelCode='', lastLiquidity=1, pendingPriceRevision=False)
2024-05-26 18:47:10,871 ib_async.wrapper INFO execDetails Execution(execId='0000d94c.6653ae8d.01.01', time=datetime.datetime(2024, 5, 26, 22, 47, 40, tzinfo=datetime.timezone.utc), acctNumber='U10394496', exchange='CME', side='SLD', shares=1.0, price=18875.0, permId=2104249575, clientId=82, orderId=9, liquidation=0, cumQty=1.0, avgPrice=18875.0, orderRef='', evRule='', evMultiplier=0.0, modelCode='', lastLiquidity=1, pendingPriceRevision=False)
2024-05-26 18:47:10,872 ib_async.wrapper INFO execDetails Execution(execId='0000d94c.6653aea9.01.01', time=datetime.datetime(2024, 5, 26, 22, 52, 33, tzinfo=datetime.timezone.utc), acctNumber='U10394496', exchange='CME', side='BOT', shares=1.0, price=18871.75, permId=2104249578, clientId=92, orderId=7, liquidation=0, cumQty=1.0, avgPrice=18871.75, orderRef='', evRule='', evMultiplier=0.0, modelCode='', lastLiquidity=1, pendingPriceRevision=False)
2024-05-26 18:47:10,872 ib_async.wrapper INFO execDetails Execution(execId='0000d94c.6653af0e.01.01', time=datetime.datetime(2024, 5, 26, 23, 6, 45, tzinfo=datetime.timezone.utc), acctNumber='U10394496', exchange='CME', side='BOT', shares=1.0, price=18860.5, permId=2104249593, clientId=28, orderId=417, liquidation=0, cumQty=1.0, avgPrice=18860.5, orderRef='', evRule='', evMultiplier=0.0, modelCode='', lastLiquidity=1, pendingPriceRevision=False)
2024-05-26 18:47:10,873 ib_async.wrapper INFO commissionReport: CommissionReport(execId='0000d94c.6653ae86.01.01', commission=2.0, currency='USD', realizedPNL=991.0, yield_=0.0, yieldRedemptionDate=0)
2024-05-26 18:47:10,874 ib_async.wrapper INFO commissionReport: CommissionReport(execId='0000d94c.6653ae8d.01.01', commission=2.0, currency='USD', realizedPNL=0.0, yield_=0.0, yieldRedemptionDate=0)
2024-05-26 18:47:10,874 ib_async.wrapper INFO commissionReport: CommissionReport(execId='0000d94c.6653aea9.01.01', commission=2.0, currency='USD', realizedPNL=533.5, yield_=0.0, yieldRedemptionDate=0)
2024-05-26 18:47:10,875 ib_async.wrapper INFO commissionReport: CommissionReport(execId='0000d94c.6653af0e.01.01', commission=2.0, currency='USD', realizedPNL=758.5, yield_=0.0, yieldRedemptionDate=0)
2024-05-26 18:47:10,876 ib_async.ib INFO Synchronization complete
