2024-05-19 20:06:37,037 ib_async.client INFO Connecting to 127.0.0.1:4001 with clientId 4...
2024-05-19 20:06:37,042 ib_async.client INFO Connected
2024-05-19 20:06:37,491 ib_async.client INFO Logged on to server version 176
2024-05-19 20:06:37,724 ib_async.client INFO API connection ready
2024-05-19 20:06:37,879 ib_async.wrapper INFO Warning 2104, reqId -1: Market data farm connection is OK:usfarm
2024-05-19 20:06:37,909 ib_async.wrapper INFO Warning 2106, reqId -1: HMDS data farm connection is OK:ushmds
2024-05-19 20:06:37,909 ib_async.wrapper INFO Warning 2158, reqId -1: Sec-def data farm connection is OK:secdefil
2024-05-19 20:06:38,055 ib_async.wrapper INFO position: Position(account='U2340948', contract=Stock(conId=4762, symbol='BA', exchange='NYSE', currency='USD', localSymbol='BA', tradingClass='BA'), position=254.0, avgCost=203.21112205)
2024-05-19 20:06:38,055 ib_async.wrapper INFO position: Position(account='U10394496', contract=Option(conId=637079300, symbol='HYG', lastTradeDateOrContractMonth='20240621', strike=73.0, right='P', multiplier='100', currency='USD', localSymbol='HYG   240621P00073000', tradingClass='HYG'), position=50.0, avgCost=12.44685)
2024-05-19 20:06:38,078 ib_async.wrapper INFO position: Position(account='U10394496', contract=Option(conId=682674010, symbol='AAPL', lastTradeDateOrContractMonth='20241018', strike=150.0, right='P', multiplier='100', currency='USD', localSymbol='AAPL  241018P00150000', tradingClass='AAPL'), position=4.0, avgCost=182.19685)
2024-05-19 20:06:38,078 ib_async.wrapper INFO position: Position(account='U10394496', contract=Option(conId=657576926, symbol='QQQ', lastTradeDateOrContractMonth='20240930', strike=376.78, right='P', multiplier='100', currency='USD', localSymbol='QQQ   240930P00376780', tradingClass='QQQ'), position=1.0, avgCost=501.0369)
2024-05-19 20:06:38,078 ib_async.wrapper INFO position: Position(account='U10394496', contract=Option(conId=669333316, symbol='NVDA', lastTradeDateOrContractMonth='20240719', strike=555.0, right='P', multiplier='100', currency='USD', localSymbol='NVDA  240719P00555000', tradingClass='NVDA'), position=2.0, avgCost=349.4231)
2024-05-19 20:06:38,079 ib_async.wrapper INFO position: Position(account='U10394496', contract=Option(conId=613471094, symbol='GOOGL', lastTradeDateOrContractMonth='20240920', strike=120.0, right='P', multiplier='100', currency='USD', localSymbol='GOOGL 240920P00120000', tradingClass='GOOGL'), position=10.0, avgCost=51.44685)
2024-05-19 20:06:38,079 ib_async.wrapper INFO position: Position(account='U10394496', contract=Option(conId=699536227, symbol='PINS', lastTradeDateOrContractMonth='20240607', strike=33.0, right='P', multiplier='100', currency='USD', localSymbol='PINS  240607P00033000', tradingClass='PINS'), position=40.0, avgCost=13.44685)
2024-05-19 20:06:38,079 ib_async.wrapper INFO position: Position(account='U10394496', contract=Future(conId=620730920, symbol='NQ', lastTradeDateOrContractMonth='20240621', multiplier='20', currency='USD', localSymbol='NQM4', tradingClass='NQ'), position=-5.0, avgCost=371503.0)
2024-05-19 20:06:38,079 ib_async.wrapper INFO position: Position(account='U2340948', contract=Stock(conId=47486780, symbol='EDV', exchange='ARCA', currency='USD', localSymbol='EDV', tradingClass='EDV'), position=650.0, avgCost=77.7080769)
2024-05-19 20:06:38,086 ib_async.wrapper INFO position: Position(account='U10394496', contract=Option(conId=642744523, symbol='NVDA', lastTradeDateOrContractMonth='20240920', strike=510.0, right='P', multiplier='100', currency='USD', localSymbol='NVDA  240920P00510000', tradingClass='NVDA'), position=1.0, avgCost=501.0369)
2024-05-19 20:06:38,086 ib_async.wrapper INFO position: Position(account='U10394496', contract=Option(conId=699532596, symbol='QQQ', lastTradeDateOrContractMonth='20240607', strike=400.0, right='P', multiplier='100', currency='USD', localSymbol='QQQ   240607P00400000', tradingClass='QQQ'), position=2.0, avgCost=207.69685)
2024-05-19 20:06:38,086 ib_async.wrapper INFO position: Position(account='U10394496', contract=Option(conId=682677111, symbol='AMZN', lastTradeDateOrContractMonth='20241018', strike=130.0, right='P', multiplier='100', currency='USD', localSymbol='AMZN  241018P00130000', tradingClass='AMZN'), position=4.0, avgCost=115.68685)
2024-05-19 20:06:38,108 ib_async.wrapper INFO position: Position(account='U2340948', contract=Stock(conId=229726228, symbol='RSX', exchange='VALUE', currency='USD', localSymbol='RSX', tradingClass='RSX'), position=100.0, avgCost=6.889977)
2024-05-19 20:06:39,598 ib_async.ib INFO Synchronization complete
2024-05-19 20:09:57,780 ib_async.wrapper INFO Warning 2107, reqId -1: HMDS data farm connection is inactive but should be available upon demand.ushmds
2024-05-19 20:27:37,285 ib_async.wrapper INFO Warning 2103, reqId -1: Market data farm connection is broken:usfarm
2024-05-19 20:27:37,892 ib_async.wrapper INFO Warning 2157, reqId -1: Sec-def data farm connection is broken:secdefil
2024-05-19 20:27:38,224 ib_async.wrapper INFO Warning 2104, reqId -1: Market data farm connection is OK:usfarm
2024-05-19 20:27:38,272 ib_async.wrapper INFO Warning 2158, reqId -1: Sec-def data farm connection is OK:secdefil
2024-05-19 20:31:22,881 ib_async.wrapper ERROR Error 1100, reqId -1: Connectivity between IB and Trader Workstation has been lost.
2024-05-19 20:31:23,807 ib_async.wrapper INFO Warning 2103, reqId -1: Market data farm connection is broken:usfarm
2024-05-19 20:31:23,826 ib_async.wrapper INFO Warning 2157, reqId -1: Sec-def data farm connection is broken:secdefil
2024-05-19 20:31:24,128 ib_async.wrapper INFO position: Position(account='U10394496', contract=Option(conId=669333316, symbol='NVDA', lastTradeDateOrContractMonth='20240719', strike=555.0, right='P', multiplier='100', currency='USD', localSymbol='NVDA  240719P00555000', tradingClass='NVDA'), position=2.0, avgCost=349.4231)
2024-05-19 20:31:24,129 ib_async.wrapper INFO position: Position(account='U10394496', contract=Option(conId=699536227, symbol='PINS', lastTradeDateOrContractMonth='20240607', strike=33.0, right='P', multiplier='100', currency='USD', localSymbol='PINS  240607P00033000', tradingClass='PINS'), position=40.0, avgCost=13.44685)
2024-05-19 20:31:24,129 ib_async.wrapper INFO position: Position(account='U10394496', contract=Option(conId=642744523, symbol='NVDA', lastTradeDateOrContractMonth='20240920', strike=510.0, right='P', multiplier='100', currency='USD', localSymbol='NVDA  240920P00510000', tradingClass='NVDA'), position=1.0, avgCost=501.0369)
2024-05-19 20:31:24,129 ib_async.wrapper INFO position: Position(account='U10394496', contract=Option(conId=613471094, symbol='GOOGL', lastTradeDateOrContractMonth='20240920', strike=120.0, right='P', multiplier='100', currency='USD', localSymbol='GOOGL 240920P00120000', tradingClass='GOOGL'), position=10.0, avgCost=51.44685)
2024-05-19 20:31:24,129 ib_async.wrapper INFO position: Position(account='U10394496', contract=Option(conId=699532596, symbol='QQQ', lastTradeDateOrContractMonth='20240607', strike=400.0, right='P', multiplier='100', currency='USD', localSymbol='QQQ   240607P00400000', tradingClass='QQQ'), position=2.0, avgCost=207.69685)
2024-05-19 20:31:24,150 ib_async.wrapper INFO position: Position(account='U10394496', contract=Future(conId=620730920, symbol='NQ', lastTradeDateOrContractMonth='20240621', multiplier='20', currency='USD', localSymbol='NQM4', tradingClass='NQ'), position=-5.0, avgCost=371503.0)
2024-05-19 20:31:24,154 ib_async.wrapper INFO position: Position(account='U10394496', contract=Option(conId=682677111, symbol='AMZN', lastTradeDateOrContractMonth='20241018', strike=130.0, right='P', multiplier='100', currency='USD', localSymbol='AMZN  241018P00130000', tradingClass='AMZN'), position=4.0, avgCost=115.68685)
2024-05-19 20:31:24,155 ib_async.wrapper INFO position: Position(account='U10394496', contract=Option(conId=682674010, symbol='AAPL', lastTradeDateOrContractMonth='20241018', strike=150.0, right='P', multiplier='100', currency='USD', localSymbol='AAPL  241018P00150000', tradingClass='AAPL'), position=4.0, avgCost=182.19685)
2024-05-19 20:31:24,171 ib_async.wrapper INFO position: Position(account='U10394496', contract=Option(conId=637079300, symbol='HYG', lastTradeDateOrContractMonth='20240621', strike=73.0, right='P', multiplier='100', currency='USD', localSymbol='HYG   240621P00073000', tradingClass='HYG'), position=50.0, avgCost=12.44685)
2024-05-19 20:31:24,174 ib_async.wrapper INFO position: Position(account='U10394496', contract=Option(conId=657576926, symbol='QQQ', lastTradeDateOrContractMonth='20240930', strike=376.78, right='P', multiplier='100', currency='USD', localSymbol='QQQ   240930P00376780', tradingClass='QQQ'), position=1.0, avgCost=501.0369)
2024-05-19 20:31:24,184 ib_async.wrapper INFO position: Position(account='U2340948', contract=Stock(conId=229726228, symbol='RSX', exchange='VALUE', currency='USD', localSymbol='RSX', tradingClass='RSX'), position=100.0, avgCost=6.889977)
2024-05-19 20:31:24,189 ib_async.wrapper INFO position: Position(account='U2340948', contract=Stock(conId=47486780, symbol='EDV', exchange='ARCA', currency='USD', localSymbol='EDV', tradingClass='EDV'), position=650.0, avgCost=77.7080769)
2024-05-19 20:31:24,196 ib_async.wrapper INFO position: Position(account='U2340948', contract=Stock(conId=4762, symbol='BA', exchange='NYSE', currency='USD', localSymbol='BA', tradingClass='BA'), position=254.0, avgCost=203.21112205)
2024-05-19 20:31:25,189 ib_async.wrapper INFO Warning 2158, reqId -1: Sec-def data farm connection is OK:secdefil
2024-05-19 20:31:25,625 ib_async.wrapper INFO Warning 2104, reqId -1: Market data farm connection is OK:usfarm
2024-05-19 20:31:54,161 ib_async.wrapper ERROR Error 1102, reqId -1: Connectivity between IB and Trader Workstation has been restored - data maintained. The following farms are connected: usfarm; secdefil. The following farms are not connected: ushmds.
2024-05-19 20:49:20,859 ib_async.client ERROR Peer closed connection.
